[ 2016-02-17T10:16:15+08:00 ] ::1 /lunhui/
INFO: [ app_init ] --START--
INFO: Run Behavior\BuildLiteBehavior [ RunTime:0.000024s ]
INFO: [ app_init ] --END-- [ RunTime:0.000882s ]
INFO: [ app_begin ] --START--
INFO: Run Behavior\ReadHtmlCacheBehavior [ RunTime:0.001442s ]
INFO: [ app_begin ] --END-- [ RunTime:0.001537s ]
NOTIC: [8] Undefined index: code D:\WWW\lunhui\Application\Home\Controller\BaseController.class.php 第 24 行.
NOTIC: [8192] Function eregi() is deprecated D:\WWW\lunhui\Application\Common\Common\function.php 第 63 行.
NOTIC: [8192] Function eregi() is deprecated D:\WWW\lunhui\Application\Common\Common\function.php 第 65 行.
NOTIC: [8192] Function eregi() is deprecated D:\WWW\lunhui\Application\Common\Common\function.php 第 67 行.
NOTIC: [8192] Function ereg() is deprecated D:\WWW\lunhui\Application\Common\Common\function.php 第 67 行.
NOTIC: [8192] Function eregi() is deprecated D:\WWW\lunhui\Application\Common\Common\function.php 第 69 行.
NOTIC: [8192] Function eregi() is deprecated D:\WWW\lunhui\Application\Common\Common\function.php 第 69 行.
NOTIC: [8192] Function eregi() is deprecated D:\WWW\lunhui\Application\Common\Common\function.php 第 71 行.
NOTIC: [8192] Function eregi() is deprecated D:\WWW\lunhui\Application\Common\Common\function.php 第 71 行.
NOTIC: [8192] Function eregi() is deprecated D:\WWW\lunhui\Application\Common\Common\function.php 第 73 行.
NOTIC: [8192] Function eregi() is deprecated D:\WWW\lunhui\Application\Common\Common\function.php 第 73 行.
NOTIC: [8192] Function eregi() is deprecated D:\WWW\lunhui\Application\Common\Common\function.php 第 75 行.
NOTIC: [8192] Function eregi() is deprecated D:\WWW\lunhui\Application\Common\Common\function.php 第 75 行.
NOTIC: [8192] Function eregi() is deprecated D:\WWW\lunhui\Application\Common\Common\function.php 第 77 行.
NOTIC: [8192] Function eregi() is deprecated D:\WWW\lunhui\Application\Common\Common\function.php 第 77 行.
NOTIC: [8192] Function eregi() is deprecated D:\WWW\lunhui\Application\Common\Common\function.php 第 79 行.
NOTIC: [8192] Function eregi() is deprecated D:\WWW\lunhui\Application\Common\Common\function.php 第 79 行.
SQL: SHOW COLUMNS FROM `web_article` [ RunTime:0.1871s ]
SQL: SELECT `a_keyword`,`a_id`,`create_time` FROM `web_article` WHERE ( a_keyword != '' and a_views > 0 ) ORDER BY create_time desc LIMIT 50   [ RunTime:0.0280s ]
NOTIC: [8] Use of undefined constant id - assumed 'id' D:\WWW\lunhui\Application\Home\Controller\BaseController.class.php 第 63 行.
NOTIC: [8] Use of undefined constant id - assumed 'id' D:\WWW\lunhui\Application\Home\Controller\BaseController.class.php 第 63 行.
NOTIC: [8] Use of undefined constant id - assumed 'id' D:\WWW\lunhui\Application\Home\Controller\BaseController.class.php 第 63 行.
NOTIC: [8] Use of undefined constant id - assumed 'id' D:\WWW\lunhui\Application\Home\Controller\BaseController.class.php 第 63 行.
NOTIC: [8] Use of undefined constant id - assumed 'id' D:\WWW\lunhui\Application\Home\Controller\BaseController.class.php 第 63 行.
NOTIC: [8] Use of undefined constant id - assumed 'id' D:\WWW\lunhui\Application\Home\Controller\BaseController.class.php 第 63 行.
NOTIC: [8] Use of undefined constant id - assumed 'id' D:\WWW\lunhui\Application\Home\Controller\BaseController.class.php 第 63 行.
NOTIC: [8] Use of undefined constant id - assumed 'id' D:\WWW\lunhui\Application\Home\Controller\BaseController.class.php 第 63 行.
NOTIC: [8] Use of undefined constant id - assumed 'id' D:\WWW\lunhui\Application\Home\Controller\BaseController.class.php 第 63 行.
NOTIC: [8] Use of undefined constant id - assumed 'id' D:\WWW\lunhui\Application\Home\Controller\BaseController.class.php 第 63 行.
NOTIC: [8] Use of undefined constant id - assumed 'id' D:\WWW\lunhui\Application\Home\Controller\BaseController.class.php 第 63 行.
NOTIC: [8] Use of undefined constant id - assumed 'id' D:\WWW\lunhui\Application\Home\Controller\BaseController.class.php 第 63 行.
NOTIC: [8] Use of undefined constant id - assumed 'id' D:\WWW\lunhui\Application\Home\Controller\BaseController.class.php 第 63 行.
NOTIC: [8] Use of undefined constant id - assumed 'id' D:\WWW\lunhui\Application\Home\Controller\BaseController.class.php 第 63 行.
NOTIC: [8] Use of undefined constant id - assumed 'id' D:\WWW\lunhui\Application\Home\Controller\BaseController.class.php 第 63 行.
NOTIC: [8] Use of undefined constant id - assumed 'id' D:\WWW\lunhui\Application\Home\Controller\BaseController.class.php 第 63 行.
NOTIC: [8] Use of undefined constant id - assumed 'id' D:\WWW\lunhui\Application\Home\Controller\BaseController.class.php 第 63 行.
NOTIC: [8] Use of undefined constant id - assumed 'id' D:\WWW\lunhui\Application\Home\Controller\BaseController.class.php 第 63 行.
NOTIC: [8] Use of undefined constant id - assumed 'id' D:\WWW\lunhui\Application\Home\Controller\BaseController.class.php 第 63 行.
NOTIC: [8] Use of undefined constant id - assumed 'id' D:\WWW\lunhui\Application\Home\Controller\BaseController.class.php 第 63 行.
NOTIC: [8] Use of undefined constant id - assumed 'id' D:\WWW\lunhui\Application\Home\Controller\BaseController.class.php 第 63 行.
NOTIC: [8] Use of undefined constant id - assumed 'id' D:\WWW\lunhui\Application\Home\Controller\BaseController.class.php 第 63 行.
NOTIC: [8] Use of undefined constant id - assumed 'id' D:\WWW\lunhui\Application\Home\Controller\BaseController.class.php 第 63 行.
NOTIC: [8] Use of undefined constant id - assumed 'id' D:\WWW\lunhui\Application\Home\Controller\BaseController.class.php 第 63 行.
NOTIC: [8] Use of undefined constant id - assumed 'id' D:\WWW\lunhui\Application\Home\Controller\BaseController.class.php 第 63 行.
NOTIC: [8] Use of undefined constant id - assumed 'id' D:\WWW\lunhui\Application\Home\Controller\BaseController.class.php 第 63 行.
NOTIC: [8] Use of undefined constant id - assumed 'id' D:\WWW\lunhui\Application\Home\Controller\BaseController.class.php 第 63 行.
NOTIC: [8] Use of undefined constant id - assumed 'id' D:\WWW\lunhui\Application\Home\Controller\BaseController.class.php 第 63 行.
NOTIC: [8] Use of undefined constant id - assumed 'id' D:\WWW\lunhui\Application\Home\Controller\BaseController.class.php 第 63 行.
NOTIC: [8] Use of undefined constant id - assumed 'id' D:\WWW\lunhui\Application\Home\Controller\BaseController.class.php 第 63 行.
NOTIC: [8] Use of undefined constant id - assumed 'id' D:\WWW\lunhui\Application\Home\Controller\BaseController.class.php 第 63 行.
NOTIC: [8] Use of undefined constant id - assumed 'id' D:\WWW\lunhui\Application\Home\Controller\BaseController.class.php 第 63 行.
NOTIC: [8] Use of undefined constant id - assumed 'id' D:\WWW\lunhui\Application\Home\Controller\BaseController.class.php 第 63 行.
NOTIC: [8] Use of undefined constant id - assumed 'id' D:\WWW\lunhui\Application\Home\Controller\BaseController.class.php 第 63 行.
NOTIC: [8] Use of undefined constant id - assumed 'id' D:\WWW\lunhui\Application\Home\Controller\BaseController.class.php 第 63 行.
NOTIC: [8] Use of undefined constant id - assumed 'id' D:\WWW\lunhui\Application\Home\Controller\BaseController.class.php 第 63 行.
NOTIC: [8] Use of undefined constant id - assumed 'id' D:\WWW\lunhui\Application\Home\Controller\BaseController.class.php 第 63 行.
NOTIC: [8] Use of undefined constant id - assumed 'id' D:\WWW\lunhui\Application\Home\Controller\BaseController.class.php 第 63 行.
SQL: SHOW COLUMNS FROM `web_carousel_list` [ RunTime:0.0130s ]
SQL: SELECT * FROM `web_carousel_list` WHERE ( img != '' and state > 0 ) ORDER BY orderby  [ RunTime:0.0379s ]
SQL: SHOW COLUMNS FROM `web_article_cate` [ RunTime:0.0087s ]
SQL: SELECT * FROM `web_article_cate`  [ RunTime:0.0007s ]
SQL: SHOW COLUMNS FROM `web_link` [ RunTime:0.0091s ]
SQL: SELECT * FROM `web_link` WHERE ( state = 1 ) ORDER BY orderby  [ RunTime:0.0122s ]
SQL: SHOW COLUMNS FROM `web_liuyan` [ RunTime:0.0086s ]
SQL: SELECT * FROM `web_liuyan` ORDER BY add_time desc LIMIT 4   [ RunTime:0.0292s ]
SQL: SELECT `a_id` FROM `web_article` WHERE ( a_views > 0 )  [ RunTime:0.0009s ]
SQL: SELECT * FROM `web_article` WHERE `a_id` = 22 LIMIT 1   [ RunTime:0.0021s ]
SQL: SELECT * FROM `web_article` WHERE `a_id` = 32 LIMIT 1   [ RunTime:0.0008s ]
SQL: SELECT * FROM `web_article` WHERE `a_id` = 38 LIMIT 1   [ RunTime:0.0007s ]
SQL: SELECT `a_id`,`photo`,`a_title`,`a_remark`,`a_keyword`,`cate_id`,`create_time`,`last_time`,`a_content`,`a_views`,`a_type`,`a_red`,`a_from`,`a_writer`,`create_ip` FROM `web_article` WHERE ( a_views > 0 ) ORDER BY a_views desc LIMIT 12   [ RunTime:0.0281s ]
SQL: SHOW COLUMNS FROM `web_article` [ RunTime:0.0075s ]
SQL: SHOW COLUMNS FROM `web_article_cate` [ RunTime:0.0074s ]
SQL: SELECT * FROM `web_article_cate`  [ RunTime:0.0005s ]
SQL: SELECT COUNT(*) AS tp_count FROM `web_article` LIMIT 1   [ RunTime:0.0014s ]
SQL: SELECT * FROM `web_article` INNER JOIN web_article_cate ON web_article_cate.cate_id = web_article.cate_id  ORDER BY a_id desc LIMIT 0,6   [ RunTime:0.0227s ]
INFO: [ view_parse ] --START--
INFO: [ template_filter ] --START--
INFO: Run Behavior\ContentReplaceBehavior [ RunTime:0.001341s ]
INFO: [ template_filter ] --END-- [ RunTime:0.001499s ]
NOTIC: [8] Undefined variable: v D:\WWW\lunhui\Application\Runtime\Cache\Home\2a94b8bda04ff446dcedd42276fc99ee.php 第 171 行.
NOTIC: [8] Undefined variable: v D:\WWW\lunhui\Application\Runtime\Cache\Home\2a94b8bda04ff446dcedd42276fc99ee.php 第 171 行.
NOTIC: [8] Undefined variable: v D:\WWW\lunhui\Application\Runtime\Cache\Home\2a94b8bda04ff446dcedd42276fc99ee.php 第 171 行.
NOTIC: [8] Undefined variable: v D:\WWW\lunhui\Application\Runtime\Cache\Home\2a94b8bda04ff446dcedd42276fc99ee.php 第 171 行.
NOTIC: [8] Undefined variable: v D:\WWW\lunhui\Application\Runtime\Cache\Home\2a94b8bda04ff446dcedd42276fc99ee.php 第 171 行.
NOTIC: [8] Undefined variable: v D:\WWW\lunhui\Application\Runtime\Cache\Home\2a94b8bda04ff446dcedd42276fc99ee.php 第 171 行.
INFO: Run Behavior\ParseTemplateBehavior [ RunTime:0.186202s ]
INFO: [ view_parse ] --END-- [ RunTime:0.186400s ]
INFO: [ view_filter ] --START--
INFO: Run Behavior\WriteHtmlCacheBehavior [ RunTime:0.016958s ]
INFO: [ view_filter ] --END-- [ RunTime:0.017067s ]
INFO: [ app_end ] --START--
INFO: Run Behavior\ShowPageTraceBehavior [ RunTime:0.014284s ]
INFO: [ app_end ] --END-- [ RunTime:0.014497s ]

[ 2016-02-17T10:16:15+08:00 ] ::1 /lunhui/Uploads//carousel/2016-01-21/56a0e4f23708c.jpg
INFO: [ app_init ] --START--
INFO: Run Behavior\BuildLiteBehavior [ RunTime:0.000020s ]
INFO: [ app_init ] --END-- [ RunTime:0.000479s ]

[ 2016-02-17T10:16:15+08:00 ] ::1 /lunhui/Uploads//carousel/2016-01-21/56a0e5e730ff2.jpg
INFO: [ app_init ] --START--
INFO: Run Behavior\BuildLiteBehavior [ RunTime:0.000111s ]
INFO: [ app_init ] --END-- [ RunTime:0.001480s ]

[ 2016-02-17T10:16:15+08:00 ] ::1 /lunhui/Uploads//images/2016-02-04/56b2b85c6e0a9.png
INFO: [ app_init ] --START--
INFO: Run Behavior\BuildLiteBehavior [ RunTime:0.000021s ]
INFO: [ app_init ] --END-- [ RunTime:0.000521s ]

[ 2016-02-17T10:16:15+08:00 ] ::1 /lunhui/Uploads//carousel/2016-01-21/56a0e64400bcd.jpg
INFO: [ app_init ] --START--
INFO: Run Behavior\BuildLiteBehavior [ RunTime:0.000022s ]
INFO: [ app_init ] --END-- [ RunTime:0.000594s ]

[ 2016-02-17T10:16:15+08:00 ] ::1 /lunhui/Uploads/images/2016-01-14/56978ba5e1201.png
INFO: [ app_init ] --START--
INFO: Run Behavior\BuildLiteBehavior [ RunTime:0.000013s ]
INFO: [ app_init ] --END-- [ RunTime:0.000423s ]

[ 2016-02-17T10:16:15+08:00 ] ::1 /lunhui/Uploads//images/2016-01-22/56a1d70d67173.png
INFO: [ app_init ] --START--
INFO: Run Behavior\BuildLiteBehavior [ RunTime:0.000012s ]
INFO: [ app_init ] --END-- [ RunTime:0.000305s ]

[ 2016-02-17T10:16:15+08:00 ] ::1 /lunhui/Uploads/images/2016-01-08/568f41139d122.png
INFO: [ app_init ] --START--
INFO: Run Behavior\BuildLiteBehavior [ RunTime:0.000021s ]
INFO: [ app_init ] --END-- [ RunTime:0.000483s ]

[ 2016-02-17T10:16:15+08:00 ] ::1 /lunhui/Uploads/images/2016-01-13/56963dbe55331.png
INFO: [ app_init ] --START--
INFO: Run Behavior\BuildLiteBehavior [ RunTime:0.000018s ]
INFO: [ app_init ] --END-- [ RunTime:0.000450s ]

[ 2016-02-17T10:16:15+08:00 ] ::1 /lunhui/Uploads/images/2016-01-04/5689c7dfcc2f0.png
INFO: [ app_init ] --START--
INFO: Run Behavior\BuildLiteBehavior [ RunTime:0.000019s ]
INFO: [ app_init ] --END-- [ RunTime:0.000443s ]

[ 2016-02-17T10:16:15+08:00 ] ::1 /lunhui/Uploads//carousel/2016-01-21/56a0e5e730ff2.jpg
INFO: [ app_init ] --START--
INFO: Run Behavior\BuildLiteBehavior [ RunTime:0.000018s ]
INFO: [ app_init ] --END-- [ RunTime:0.000474s ]

[ 2016-02-17T10:16:15+08:00 ] ::1 /lunhui/Uploads//carousel/2016-01-21/56a0e4f23708c.jpg
INFO: [ app_init ] --START--
INFO: Run Behavior\BuildLiteBehavior [ RunTime:0.000018s ]
INFO: [ app_init ] --END-- [ RunTime:0.000438s ]

[ 2016-02-17T10:16:15+08:00 ] ::1 /lunhui/Uploads/images/2016-01-04/5689caee2c347.jpg
INFO: [ app_init ] --START--
INFO: Run Behavior\BuildLiteBehavior [ RunTime:0.000023s ]
INFO: [ app_init ] --END-- [ RunTime:0.000482s ]

[ 2016-02-17T10:16:15+08:00 ] ::1 /lunhui/Uploads//images/2016-02-04/56b2b8fe53697.jpg
INFO: [ app_init ] --START--
INFO: Run Behavior\BuildLiteBehavior [ RunTime:0.000019s ]
INFO: [ app_init ] --END-- [ RunTime:0.000589s ]

[ 2016-02-17T10:16:15+08:00 ] ::1 /lunhui/Uploads/images/2016-01-04/5689c6a0add82.png
INFO: [ app_init ] --START--
INFO: Run Behavior\BuildLiteBehavior [ RunTime:0.000020s ]
INFO: [ app_init ] --END-- [ RunTime:0.000480s ]

[ 2016-02-17T10:16:15+08:00 ] ::1 /lunhui/Uploads//images/2016-02-04/56b2b85c6e0a9.png
INFO: [ app_init ] --START--
INFO: Run Behavior\BuildLiteBehavior [ RunTime:0.000083s ]
INFO: [ app_init ] --END-- [ RunTime:0.000790s ]

[ 2016-02-17T10:16:15+08:00 ] ::1 /lunhui/Uploads//carousel/2016-01-21/56a0e64400bcd.jpg
INFO: [ app_init ] --START--
INFO: Run Behavior\BuildLiteBehavior [ RunTime:0.000014s ]
INFO: [ app_init ] --END-- [ RunTime:0.000327s ]

[ 2016-02-17T10:16:20+08:00 ] ::1 /lunhui/Article/index/a_id/59.html
INFO: [ app_init ] --START--
INFO: Run Behavior\BuildLiteBehavior [ RunTime:0.000018s ]
INFO: [ app_init ] --END-- [ RunTime:0.000434s ]
INFO: [ app_begin ] --START--
INFO: Run Behavior\ReadHtmlCacheBehavior [ RunTime:0.000810s ]
INFO: [ app_begin ] --END-- [ RunTime:0.000868s ]
NOTIC: [8] Undefined index: code D:\WWW\lunhui\Application\Home\Controller\BaseController.class.php 第 24 行.
NOTIC: [8192] Function eregi() is deprecated D:\WWW\lunhui\Application\Common\Common\function.php 第 63 行.
NOTIC: [8192] Function eregi() is deprecated D:\WWW\lunhui\Application\Common\Common\function.php 第 65 行.
NOTIC: [8192] Function eregi() is deprecated D:\WWW\lunhui\Application\Common\Common\function.php 第 67 行.
NOTIC: [8192] Function ereg() is deprecated D:\WWW\lunhui\Application\Common\Common\function.php 第 67 行.
NOTIC: [8192] Function eregi() is deprecated D:\WWW\lunhui\Application\Common\Common\function.php 第 69 行.
NOTIC: [8192] Function eregi() is deprecated D:\WWW\lunhui\Application\Common\Common\function.php 第 69 行.
NOTIC: [8192] Function eregi() is deprecated D:\WWW\lunhui\Application\Common\Common\function.php 第 71 行.
NOTIC: [8192] Function eregi() is deprecated D:\WWW\lunhui\Application\Common\Common\function.php 第 71 行.
NOTIC: [8192] Function eregi() is deprecated D:\WWW\lunhui\Application\Common\Common\function.php 第 73 行.
NOTIC: [8192] Function eregi() is deprecated D:\WWW\lunhui\Application\Common\Common\function.php 第 73 行.
NOTIC: [8192] Function eregi() is deprecated D:\WWW\lunhui\Application\Common\Common\function.php 第 75 行.
NOTIC: [8192] Function eregi() is deprecated D:\WWW\lunhui\Application\Common\Common\function.php 第 75 行.
NOTIC: [8192] Function eregi() is deprecated D:\WWW\lunhui\Application\Common\Common\function.php 第 77 行.
NOTIC: [8192] Function eregi() is deprecated D:\WWW\lunhui\Application\Common\Common\function.php 第 77 行.
NOTIC: [8192] Function eregi() is deprecated D:\WWW\lunhui\Application\Common\Common\function.php 第 79 行.
NOTIC: [8192] Function eregi() is deprecated D:\WWW\lunhui\Application\Common\Common\function.php 第 79 行.
SQL: SHOW COLUMNS FROM `web_article` [ RunTime:0.0157s ]
SQL: SELECT `a_keyword`,`a_id`,`create_time` FROM `web_article` WHERE ( a_keyword != '' and a_views > 0 ) ORDER BY create_time desc LIMIT 50   [ RunTime:0.0014s ]
NOTIC: [8] Use of undefined constant id - assumed 'id' D:\WWW\lunhui\Application\Home\Controller\BaseController.class.php 第 63 行.
NOTIC: [8] Use of undefined constant id - assumed 'id' D:\WWW\lunhui\Application\Home\Controller\BaseController.class.php 第 63 行.
NOTIC: [8] Use of undefined constant id - assumed 'id' D:\WWW\lunhui\Application\Home\Controller\BaseController.class.php 第 63 行.
NOTIC: [8] Use of undefined constant id - assumed 'id' D:\WWW\lunhui\Application\Home\Controller\BaseController.class.php 第 63 行.
NOTIC: [8] Use of undefined constant id - assumed 'id' D:\WWW\lunhui\Application\Home\Controller\BaseController.class.php 第 63 行.
NOTIC: [8] Use of undefined constant id - assumed 'id' D:\WWW\lunhui\Application\Home\Controller\BaseController.class.php 第 63 行.
NOTIC: [8] Use of undefined constant id - assumed 'id' D:\WWW\lunhui\Application\Home\Controller\BaseController.class.php 第 63 行.
NOTIC: [8] Use of undefined constant id - assumed 'id' D:\WWW\lunhui\Application\Home\Controller\BaseController.class.php 第 63 行.
NOTIC: [8] Use of undefined constant id - assumed 'id' D:\WWW\lunhui\Application\Home\Controller\BaseController.class.php 第 63 行.
NOTIC: [8] Use of undefined constant id - assumed 'id' D:\WWW\lunhui\Application\Home\Controller\BaseController.class.php 第 63 行.
NOTIC: [8] Use of undefined constant id - assumed 'id' D:\WWW\lunhui\Application\Home\Controller\BaseController.class.php 第 63 行.
NOTIC: [8] Use of undefined constant id - assumed 'id' D:\WWW\lunhui\Application\Home\Controller\BaseController.class.php 第 63 行.
NOTIC: [8] Use of undefined constant id - assumed 'id' D:\WWW\lunhui\Application\Home\Controller\BaseController.class.php 第 63 行.
NOTIC: [8] Use of undefined constant id - assumed 'id' D:\WWW\lunhui\Application\Home\Controller\BaseController.class.php 第 63 行.
NOTIC: [8] Use of undefined constant id - assumed 'id' D:\WWW\lunhui\Application\Home\Controller\BaseController.class.php 第 63 行.
NOTIC: [8] Use of undefined constant id - assumed 'id' D:\WWW\lunhui\Application\Home\Controller\BaseController.class.php 第 63 行.
NOTIC: [8] Use of undefined constant id - assumed 'id' D:\WWW\lunhui\Application\Home\Controller\BaseController.class.php 第 63 行.
NOTIC: [8] Use of undefined constant id - assumed 'id' D:\WWW\lunhui\Application\Home\Controller\BaseController.class.php 第 63 行.
NOTIC: [8] Use of undefined constant id - assumed 'id' D:\WWW\lunhui\Application\Home\Controller\BaseController.class.php 第 63 行.
NOTIC: [8] Use of undefined constant id - assumed 'id' D:\WWW\lunhui\Application\Home\Controller\BaseController.class.php 第 63 行.
NOTIC: [8] Use of undefined constant id - assumed 'id' D:\WWW\lunhui\Application\Home\Controller\BaseController.class.php 第 63 行.
NOTIC: [8] Use of undefined constant id - assumed 'id' D:\WWW\lunhui\Application\Home\Controller\BaseController.class.php 第 63 行.
NOTIC: [8] Use of undefined constant id - assumed 'id' D:\WWW\lunhui\Application\Home\Controller\BaseController.class.php 第 63 行.
NOTIC: [8] Use of undefined constant id - assumed 'id' D:\WWW\lunhui\Application\Home\Controller\BaseController.class.php 第 63 行.
NOTIC: [8] Use of undefined constant id - assumed 'id' D:\WWW\lunhui\Application\Home\Controller\BaseController.class.php 第 63 行.
NOTIC: [8] Use of undefined constant id - assumed 'id' D:\WWW\lunhui\Application\Home\Controller\BaseController.class.php 第 63 行.
NOTIC: [8] Use of undefined constant id - assumed 'id' D:\WWW\lunhui\Application\Home\Controller\BaseController.class.php 第 63 行.
NOTIC: [8] Use of undefined constant id - assumed 'id' D:\WWW\lunhui\Application\Home\Controller\BaseController.class.php 第 63 行.
NOTIC: [8] Use of undefined constant id - assumed 'id' D:\WWW\lunhui\Application\Home\Controller\BaseController.class.php 第 63 行.
NOTIC: [8] Use of undefined constant id - assumed 'id' D:\WWW\lunhui\Application\Home\Controller\BaseController.class.php 第 63 行.
NOTIC: [8] Use of undefined constant id - assumed 'id' D:\WWW\lunhui\Application\Home\Controller\BaseController.class.php 第 63 行.
NOTIC: [8] Use of undefined constant id - assumed 'id' D:\WWW\lunhui\Application\Home\Controller\BaseController.class.php 第 63 行.
NOTIC: [8] Use of undefined constant id - assumed 'id' D:\WWW\lunhui\Application\Home\Controller\BaseController.class.php 第 63 行.
NOTIC: [8] Use of undefined constant id - assumed 'id' D:\WWW\lunhui\Application\Home\Controller\BaseController.class.php 第 63 行.
NOTIC: [8] Use of undefined constant id - assumed 'id' D:\WWW\lunhui\Application\Home\Controller\BaseController.class.php 第 63 行.
NOTIC: [8] Use of undefined constant id - assumed 'id' D:\WWW\lunhui\Application\Home\Controller\BaseController.class.php 第 63 行.
NOTIC: [8] Use of undefined constant id - assumed 'id' D:\WWW\lunhui\Application\Home\Controller\BaseController.class.php 第 63 行.
NOTIC: [8] Use of undefined constant id - assumed 'id' D:\WWW\lunhui\Application\Home\Controller\BaseController.class.php 第 63 行.
SQL: SHOW COLUMNS FROM `web_carousel_list` [ RunTime:0.0067s ]
SQL: SELECT * FROM `web_carousel_list` WHERE ( img != '' and state > 0 ) ORDER BY orderby  [ RunTime:0.0007s ]
SQL: SHOW COLUMNS FROM `web_article_cate` [ RunTime:0.0054s ]
SQL: SELECT * FROM `web_article_cate`  [ RunTime:0.0005s ]
SQL: SHOW COLUMNS FROM `web_link` [ RunTime:0.0059s ]
SQL: SELECT * FROM `web_link` WHERE ( state = 1 ) ORDER BY orderby  [ RunTime:0.0007s ]
SQL: SHOW COLUMNS FROM `web_liuyan` [ RunTime:0.0062s ]
SQL: SELECT * FROM `web_liuyan` ORDER BY add_time desc LIMIT 4   [ RunTime:0.0007s ]
SQL: SELECT `a_id` FROM `web_article` WHERE ( a_views > 0 )  [ RunTime:0.0007s ]
SQL: SELECT * FROM `web_article` WHERE `a_id` = 11 LIMIT 1   [ RunTime:0.0007s ]
SQL: SELECT * FROM `web_article` WHERE `a_id` = 26 LIMIT 1   [ RunTime:0.0008s ]
SQL: SELECT * FROM `web_article` WHERE `a_id` = 47 LIMIT 1   [ RunTime:0.0005s ]
SQL: SELECT `a_id`,`photo`,`a_title`,`a_remark`,`a_keyword`,`cate_id`,`create_time`,`last_time`,`a_content`,`a_views`,`a_type`,`a_red`,`a_from`,`a_writer`,`create_ip` FROM `web_article` WHERE ( a_views > 0 ) ORDER BY a_views desc LIMIT 12   [ RunTime:0.0019s ]
SQL: SELECT * FROM `web_article` WHERE `a_id` = 59 LIMIT 1   [ RunTime:0.0006s ]
SQL: SELECT * FROM `web_article` WHERE `a_id` = 59 LIMIT 1   [ RunTime:0.0006s ]
SQL: UPDATE `web_article` SET `a_views`='103' WHERE `a_id` = 59 [ RunTime:0.0091s ]
SQL: SELECT * FROM `web_article` WHERE ( a_views !=0 AND a_id <59 ) ORDER BY a_id desc LIMIT 1   [ RunTime:0.0009s ]
SQL: SELECT * FROM `web_article` WHERE ( a_views !=0 AND a_id >59 ) ORDER BY a_id LIMIT 1   [ RunTime:0.0005s ]
SQL: SHOW COLUMNS FROM `web_article_cate` [ RunTime:0.0154s ]
SQL: SELECT * FROM `web_article_cate`  [ RunTime:0.0005s ]
INFO: [ view_parse ] --START--
INFO: [ template_filter ] --START--
INFO: Run Behavior\ContentReplaceBehavior [ RunTime:0.000402s ]
INFO: [ template_filter ] --END-- [ RunTime:0.000529s ]
NOTIC: [2] Missing argument 2 for getIpaddr(), called in D:\WWW\lunhui\Application\Runtime\Cache\Home\2ac6c1276904b87404ed678dbabb985c.php on line 168 and defined D:\WWW\lunhui\Application\Common\Common\function.php 第 44 行.
NOTIC: [8] Undefined variable: Common D:\WWW\lunhui\Application\Runtime\Cache\Home\2ac6c1276904b87404ed678dbabb985c.php 第 168 行.
NOTIC: [8] Undefined variable: page D:\WWW\lunhui\Application\Runtime\Cache\Home\2ac6c1276904b87404ed678dbabb985c.php 第 213 行.
INFO: Run Behavior\ParseTemplateBehavior [ RunTime:0.113422s ]
INFO: [ view_parse ] --END-- [ RunTime:0.113595s ]
INFO: [ view_filter ] --START--
INFO: Run Behavior\WriteHtmlCacheBehavior [ RunTime:0.001745s ]
INFO: [ view_filter ] --END-- [ RunTime:0.001807s ]
INFO: [ app_end ] --START--
INFO: Run Behavior\ShowPageTraceBehavior [ RunTime:0.009917s ]
INFO: [ app_end ] --END-- [ RunTime:0.010102s ]

[ 2016-02-17T10:16:21+08:00 ] ::1 /lunhui/Uploads//carousel/2016-01-21/56a0e64400bcd.jpg
INFO: [ app_init ] --START--
INFO: Run Behavior\BuildLiteBehavior [ RunTime:0.000020s ]
INFO: [ app_init ] --END-- [ RunTime:0.000517s ]

[ 2016-02-17T10:16:21+08:00 ] ::1 /lunhui/Uploads//carousel/2016-01-21/56a0e5e730ff2.jpg
INFO: [ app_init ] --START--
INFO: Run Behavior\BuildLiteBehavior [ RunTime:0.000020s ]
INFO: [ app_init ] --END-- [ RunTime:0.000684s ]

[ 2016-02-17T10:16:21+08:00 ] ::1 /lunhui/Uploads/images/2016-01-04/5689ce8fcd0e2.jpg
INFO: [ app_init ] --START--
INFO: Run Behavior\BuildLiteBehavior [ RunTime:0.000020s ]
INFO: [ app_init ] --END-- [ RunTime:0.000466s ]

[ 2016-02-17T10:16:21+08:00 ] ::1 /lunhui/Uploads/images/2016-01-04/5689c8f7a1471.jpg
INFO: [ app_init ] --START--
INFO: Run Behavior\BuildLiteBehavior [ RunTime:0.000019s ]
INFO: [ app_init ] --END-- [ RunTime:0.000577s ]

[ 2016-02-17T10:16:21+08:00 ] ::1 /lunhui/Uploads//carousel/2016-01-21/56a0e4f23708c.jpg
INFO: [ app_init ] --START--
INFO: Run Behavior\BuildLiteBehavior [ RunTime:0.000021s ]
INFO: [ app_init ] --END-- [ RunTime:0.000471s ]

[ 2016-02-17T10:16:21+08:00 ] ::1 /lunhui/Uploads/images/2015-12-28/56813c5c5209d.jpg
INFO: [ app_init ] --START--
INFO: Run Behavior\BuildLiteBehavior [ RunTime:0.000019s ]
INFO: [ app_init ] --END-- [ RunTime:0.000447s ]

[ 2016-02-17T10:16:21+08:00 ] ::1 /lunhui/Uploads//carousel/2016-01-21/56a0e5e730ff2.jpg
INFO: [ app_init ] --START--
INFO: Run Behavior\BuildLiteBehavior [ RunTime:0.000019s ]
INFO: [ app_init ] --END-- [ RunTime:0.000447s ]

[ 2016-02-17T10:16:21+08:00 ] ::1 /lunhui/Uploads//carousel/2016-01-21/56a0e64400bcd.jpg
INFO: [ app_init ] --START--
INFO: Run Behavior\BuildLiteBehavior [ RunTime:0.000029s ]
INFO: [ app_init ] --END-- [ RunTime:0.000601s ]

[ 2016-02-17T10:16:21+08:00 ] ::1 /lunhui/Uploads//carousel/2016-01-21/56a0e4f23708c.jpg
INFO: [ app_init ] --START--
INFO: Run Behavior\BuildLiteBehavior [ RunTime:0.000017s ]
INFO: [ app_init ] --END-- [ RunTime:0.000771s ]

[ 2016-02-17T10:16:21+08:00 ] ::1 /lunhui/Uploads/images/2016-01-04/5689ce8fcd0e2.jpg
INFO: [ app_init ] --START--
INFO: Run Behavior\BuildLiteBehavior [ RunTime:0.000021s ]
INFO: [ app_init ] --END-- [ RunTime:0.000503s ]

[ 2016-02-17T10:16:21+08:00 ] ::1 /lunhui/Uploads/images/2015-12-28/56813c5c5209d.jpg
INFO: [ app_init ] --START--
INFO: Run Behavior\BuildLiteBehavior [ RunTime:0.000021s ]
INFO: [ app_init ] --END-- [ RunTime:0.000514s ]

[ 2016-02-17T10:16:21+08:00 ] ::1 /lunhui/Uploads/images/2016-01-04/5689c8f7a1471.jpg
INFO: [ app_init ] --START--
INFO: Run Behavior\BuildLiteBehavior [ RunTime:0.000018s ]
INFO: [ app_init ] --END-- [ RunTime:0.000463s ]

[ 2016-02-17T10:16:34+08:00 ] ::1 /lunhui/Public/Admin/img/progress.gif
INFO: [ app_init ] --START--
INFO: Run Behavior\BuildLiteBehavior [ RunTime:0.000029s ]
INFO: [ app_init ] --END-- [ RunTime:0.000368s ]

[ 2016-02-17T10:16:50+08:00 ] ::1 /lunhui/Public/Admin/js/plugins/layer/extend/layer.ext.js
INFO: [ app_init ] --START--
INFO: Run Behavior\BuildLiteBehavior [ RunTime:0.000021s ]
INFO: [ app_init ] --END-- [ RunTime:0.000493s ]
INFO: [ app_begin ] --START--
INFO: Run Behavior\ReadHtmlCacheBehavior [ RunTime:0.000724s ]
INFO: [ app_begin ] --END-- [ RunTime:0.000781s ]
NOTIC: [8] Undefined index: code D:\WWW\lunhui\Application\Home\Controller\BaseController.class.php 第 24 行.
NOTIC: [8192] Function eregi() is deprecated D:\WWW\lunhui\Application\Common\Common\function.php 第 63 行.
NOTIC: [8192] Function eregi() is deprecated D:\WWW\lunhui\Application\Common\Common\function.php 第 65 行.
NOTIC: [8192] Function eregi() is deprecated D:\WWW\lunhui\Application\Common\Common\function.php 第 67 行.
NOTIC: [8192] Function ereg() is deprecated D:\WWW\lunhui\Application\Common\Common\function.php 第 67 行.
NOTIC: [8192] Function eregi() is deprecated D:\WWW\lunhui\Application\Common\Common\function.php 第 69 行.
NOTIC: [8192] Function eregi() is deprecated D:\WWW\lunhui\Application\Common\Common\function.php 第 69 行.
NOTIC: [8192] Function eregi() is deprecated D:\WWW\lunhui\Application\Common\Common\function.php 第 71 行.
NOTIC: [8192] Function eregi() is deprecated D:\WWW\lunhui\Application\Common\Common\function.php 第 71 行.
NOTIC: [8192] Function eregi() is deprecated D:\WWW\lunhui\Application\Common\Common\function.php 第 73 行.
NOTIC: [8192] Function eregi() is deprecated D:\WWW\lunhui\Application\Common\Common\function.php 第 73 行.
NOTIC: [8192] Function eregi() is deprecated D:\WWW\lunhui\Application\Common\Common\function.php 第 75 行.
NOTIC: [8192] Function eregi() is deprecated D:\WWW\lunhui\Application\Common\Common\function.php 第 75 行.
NOTIC: [8192] Function eregi() is deprecated D:\WWW\lunhui\Application\Common\Common\function.php 第 77 行.
NOTIC: [8192] Function eregi() is deprecated D:\WWW\lunhui\Application\Common\Common\function.php 第 77 行.
NOTIC: [8192] Function eregi() is deprecated D:\WWW\lunhui\Application\Common\Common\function.php 第 79 行.
NOTIC: [8192] Function eregi() is deprecated D:\WWW\lunhui\Application\Common\Common\function.php 第 79 行.
SQL: SHOW COLUMNS FROM `web_article` [ RunTime:0.0027s ]
SQL: SELECT `a_keyword`,`a_id`,`create_time` FROM `web_article` WHERE ( a_keyword != '' and a_views > 0 ) ORDER BY create_time desc LIMIT 50   [ RunTime:0.0005s ]
NOTIC: [8] Use of undefined constant id - assumed 'id' D:\WWW\lunhui\Application\Home\Controller\BaseController.class.php 第 63 行.
NOTIC: [8] Use of undefined constant id - assumed 'id' D:\WWW\lunhui\Application\Home\Controller\BaseController.class.php 第 63 行.
NOTIC: [8] Use of undefined constant id - assumed 'id' D:\WWW\lunhui\Application\Home\Controller\BaseController.class.php 第 63 行.
NOTIC: [8] Use of undefined constant id - assumed 'id' D:\WWW\lunhui\Application\Home\Controller\BaseController.class.php 第 63 行.
NOTIC: [8] Use of undefined constant id - assumed 'id' D:\WWW\lunhui\Application\Home\Controller\BaseController.class.php 第 63 行.
NOTIC: [8] Use of undefined constant id - assumed 'id' D:\WWW\lunhui\Application\Home\Controller\BaseController.class.php 第 63 行.
NOTIC: [8] Use of undefined constant id - assumed 'id' D:\WWW\lunhui\Application\Home\Controller\BaseController.class.php 第 63 行.
NOTIC: [8] Use of undefined constant id - assumed 'id' D:\WWW\lunhui\Application\Home\Controller\BaseController.class.php 第 63 行.
NOTIC: [8] Use of undefined constant id - assumed 'id' D:\WWW\lunhui\Application\Home\Controller\BaseController.class.php 第 63 行.
NOTIC: [8] Use of undefined constant id - assumed 'id' D:\WWW\lunhui\Application\Home\Controller\BaseController.class.php 第 63 行.
NOTIC: [8] Use of undefined constant id - assumed 'id' D:\WWW\lunhui\Application\Home\Controller\BaseController.class.php 第 63 行.
NOTIC: [8] Use of undefined constant id - assumed 'id' D:\WWW\lunhui\Application\Home\Controller\BaseController.class.php 第 63 行.
NOTIC: [8] Use of undefined constant id - assumed 'id' D:\WWW\lunhui\Application\Home\Controller\BaseController.class.php 第 63 行.
NOTIC: [8] Use of undefined constant id - assumed 'id' D:\WWW\lunhui\Application\Home\Controller\BaseController.class.php 第 63 行.
NOTIC: [8] Use of undefined constant id - assumed 'id' D:\WWW\lunhui\Application\Home\Controller\BaseController.class.php 第 63 行.
NOTIC: [8] Use of undefined constant id - assumed 'id' D:\WWW\lunhui\Application\Home\Controller\BaseController.class.php 第 63 行.
NOTIC: [8] Use of undefined constant id - assumed 'id' D:\WWW\lunhui\Application\Home\Controller\BaseController.class.php 第 63 行.
NOTIC: [8] Use of undefined constant id - assumed 'id' D:\WWW\lunhui\Application\Home\Controller\BaseController.class.php 第 63 行.
NOTIC: [8] Use of undefined constant id - assumed 'id' D:\WWW\lunhui\Application\Home\Controller\BaseController.class.php 第 63 行.
NOTIC: [8] Use of undefined constant id - assumed 'id' D:\WWW\lunhui\Application\Home\Controller\BaseController.class.php 第 63 行.
NOTIC: [8] Use of undefined constant id - assumed 'id' D:\WWW\lunhui\Application\Home\Controller\BaseController.class.php 第 63 行.
NOTIC: [8] Use of undefined constant id - assumed 'id' D:\WWW\lunhui\Application\Home\Controller\BaseController.class.php 第 63 行.
NOTIC: [8] Use of undefined constant id - assumed 'id' D:\WWW\lunhui\Application\Home\Controller\BaseController.class.php 第 63 行.
NOTIC: [8] Use of undefined constant id - assumed 'id' D:\WWW\lunhui\Application\Home\Controller\BaseController.class.php 第 63 行.
NOTIC: [8] Use of undefined constant id - assumed 'id' D:\WWW\lunhui\Application\Home\Controller\BaseController.class.php 第 63 行.
NOTIC: [8] Use of undefined constant id - assumed 'id' D:\WWW\lunhui\Application\Home\Controller\BaseController.class.php 第 63 行.
NOTIC: [8] Use of undefined constant id - assumed 'id' D:\WWW\lunhui\Application\Home\Controller\BaseController.class.php 第 63 行.
NOTIC: [8] Use of undefined constant id - assumed 'id' D:\WWW\lunhui\Application\Home\Controller\BaseController.class.php 第 63 行.
NOTIC: [8] Use of undefined constant id - assumed 'id' D:\WWW\lunhui\Application\Home\Controller\BaseController.class.php 第 63 行.
NOTIC: [8] Use of undefined constant id - assumed 'id' D:\WWW\lunhui\Application\Home\Controller\BaseController.class.php 第 63 行.
NOTIC: [8] Use of undefined constant id - assumed 'id' D:\WWW\lunhui\Application\Home\Controller\BaseController.class.php 第 63 行.
NOTIC: [8] Use of undefined constant id - assumed 'id' D:\WWW\lunhui\Application\Home\Controller\BaseController.class.php 第 63 行.
NOTIC: [8] Use of undefined constant id - assumed 'id' D:\WWW\lunhui\Application\Home\Controller\BaseController.class.php 第 63 行.
NOTIC: [8] Use of undefined constant id - assumed 'id' D:\WWW\lunhui\Application\Home\Controller\BaseController.class.php 第 63 行.
NOTIC: [8] Use of undefined constant id - assumed 'id' D:\WWW\lunhui\Application\Home\Controller\BaseController.class.php 第 63 行.
NOTIC: [8] Use of undefined constant id - assumed 'id' D:\WWW\lunhui\Application\Home\Controller\BaseController.class.php 第 63 行.
NOTIC: [8] Use of undefined constant id - assumed 'id' D:\WWW\lunhui\Application\Home\Controller\BaseController.class.php 第 63 行.
NOTIC: [8] Use of undefined constant id - assumed 'id' D:\WWW\lunhui\Application\Home\Controller\BaseController.class.php 第 63 行.
SQL: SHOW COLUMNS FROM `web_carousel_list` [ RunTime:0.0211s ]
SQL: SELECT * FROM `web_carousel_list` WHERE ( img != '' and state > 0 ) ORDER BY orderby  [ RunTime:0.0006s ]
SQL: SHOW COLUMNS FROM `web_article_cate` [ RunTime:0.0021s ]
SQL: SELECT * FROM `web_article_cate`  [ RunTime:0.0002s ]
SQL: SHOW COLUMNS FROM `web_link` [ RunTime:0.0020s ]
SQL: SELECT * FROM `web_link` WHERE ( state = 1 ) ORDER BY orderby  [ RunTime:0.0002s ]
SQL: SHOW COLUMNS FROM `web_liuyan` [ RunTime:0.0020s ]
SQL: SELECT * FROM `web_liuyan` ORDER BY add_time desc LIMIT 4   [ RunTime:0.0002s ]
SQL: SELECT `a_id` FROM `web_article` WHERE ( a_views > 0 )  [ RunTime:0.0003s ]
SQL: SELECT * FROM `web_article` WHERE `a_id` = 54 LIMIT 1   [ RunTime:0.0002s ]
SQL: SELECT * FROM `web_article` WHERE `a_id` = 31 LIMIT 1   [ RunTime:0.0001s ]
SQL: SELECT * FROM `web_article` WHERE `a_id` = 59 LIMIT 1   [ RunTime:0.0002s ]
SQL: SELECT `a_id`,`photo`,`a_title`,`a_remark`,`a_keyword`,`cate_id`,`create_time`,`last_time`,`a_content`,`a_views`,`a_type`,`a_red`,`a_from`,`a_writer`,`create_ip` FROM `web_article` WHERE ( a_views > 0 ) ORDER BY a_views desc LIMIT 12   [ RunTime:0.0006s ]
ERR: 非法操作:Admin

[ 2016-02-17T10:16:55+08:00 ] ::1 /lunhui/Public/Admin/js/plugins/layer/extend/layer.ext.js
INFO: [ app_init ] --START--
INFO: Run Behavior\BuildLiteBehavior [ RunTime:0.000022s ]
INFO: [ app_init ] --END-- [ RunTime:0.000376s ]
INFO: [ app_begin ] --START--
INFO: Run Behavior\ReadHtmlCacheBehavior [ RunTime:0.000985s ]
INFO: [ app_begin ] --END-- [ RunTime:0.001063s ]
NOTIC: [8] Undefined index: code D:\WWW\lunhui\Application\Home\Controller\BaseController.class.php 第 24 行.
NOTIC: [8192] Function eregi() is deprecated D:\WWW\lunhui\Application\Common\Common\function.php 第 63 行.
NOTIC: [8192] Function eregi() is deprecated D:\WWW\lunhui\Application\Common\Common\function.php 第 65 行.
NOTIC: [8192] Function eregi() is deprecated D:\WWW\lunhui\Application\Common\Common\function.php 第 67 行.
NOTIC: [8192] Function ereg() is deprecated D:\WWW\lunhui\Application\Common\Common\function.php 第 67 行.
NOTIC: [8192] Function eregi() is deprecated D:\WWW\lunhui\Application\Common\Common\function.php 第 69 行.
NOTIC: [8192] Function eregi() is deprecated D:\WWW\lunhui\Application\Common\Common\function.php 第 69 行.
NOTIC: [8192] Function eregi() is deprecated D:\WWW\lunhui\Application\Common\Common\function.php 第 71 行.
NOTIC: [8192] Function eregi() is deprecated D:\WWW\lunhui\Application\Common\Common\function.php 第 71 行.
NOTIC: [8192] Function eregi() is deprecated D:\WWW\lunhui\Application\Common\Common\function.php 第 73 行.
NOTIC: [8192] Function eregi() is deprecated D:\WWW\lunhui\Application\Common\Common\function.php 第 73 行.
NOTIC: [8192] Function eregi() is deprecated D:\WWW\lunhui\Application\Common\Common\function.php 第 75 行.
NOTIC: [8192] Function eregi() is deprecated D:\WWW\lunhui\Application\Common\Common\function.php 第 75 行.
NOTIC: [8192] Function eregi() is deprecated D:\WWW\lunhui\Application\Common\Common\function.php 第 77 行.
NOTIC: [8192] Function eregi() is deprecated D:\WWW\lunhui\Application\Common\Common\function.php 第 77 行.
NOTIC: [8192] Function eregi() is deprecated D:\WWW\lunhui\Application\Common\Common\function.php 第 79 行.
NOTIC: [8192] Function eregi() is deprecated D:\WWW\lunhui\Application\Common\Common\function.php 第 79 行.
SQL: SHOW COLUMNS FROM `web_article` [ RunTime:0.0045s ]
SQL: SELECT `a_keyword`,`a_id`,`create_time` FROM `web_article` WHERE ( a_keyword != '' and a_views > 0 ) ORDER BY create_time desc LIMIT 50   [ RunTime:0.0006s ]
NOTIC: [8] Use of undefined constant id - assumed 'id' D:\WWW\lunhui\Application\Home\Controller\BaseController.class.php 第 63 行.
NOTIC: [8] Use of undefined constant id - assumed 'id' D:\WWW\lunhui\Application\Home\Controller\BaseController.class.php 第 63 行.
NOTIC: [8] Use of undefined constant id - assumed 'id' D:\WWW\lunhui\Application\Home\Controller\BaseController.class.php 第 63 行.
NOTIC: [8] Use of undefined constant id - assumed 'id' D:\WWW\lunhui\Application\Home\Controller\BaseController.class.php 第 63 行.
NOTIC: [8] Use of undefined constant id - assumed 'id' D:\WWW\lunhui\Application\Home\Controller\BaseController.class.php 第 63 行.
NOTIC: [8] Use of undefined constant id - assumed 'id' D:\WWW\lunhui\Application\Home\Controller\BaseController.class.php 第 63 行.
NOTIC: [8] Use of undefined constant id - assumed 'id' D:\WWW\lunhui\Application\Home\Controller\BaseController.class.php 第 63 行.
NOTIC: [8] Use of undefined constant id - assumed 'id' D:\WWW\lunhui\Application\Home\Controller\BaseController.class.php 第 63 行.
NOTIC: [8] Use of undefined constant id - assumed 'id' D:\WWW\lunhui\Application\Home\Controller\BaseController.class.php 第 63 行.
NOTIC: [8] Use of undefined constant id - assumed 'id' D:\WWW\lunhui\Application\Home\Controller\BaseController.class.php 第 63 行.
NOTIC: [8] Use of undefined constant id - assumed 'id' D:\WWW\lunhui\Application\Home\Controller\BaseController.class.php 第 63 行.
NOTIC: [8] Use of undefined constant id - assumed 'id' D:\WWW\lunhui\Application\Home\Controller\BaseController.class.php 第 63 行.
NOTIC: [8] Use of undefined constant id - assumed 'id' D:\WWW\lunhui\Application\Home\Controller\BaseController.class.php 第 63 行.
NOTIC: [8] Use of undefined constant id - assumed 'id' D:\WWW\lunhui\Application\Home\Controller\BaseController.class.php 第 63 行.
NOTIC: [8] Use of undefined constant id - assumed 'id' D:\WWW\lunhui\Application\Home\Controller\BaseController.class.php 第 63 行.
NOTIC: [8] Use of undefined constant id - assumed 'id' D:\WWW\lunhui\Application\Home\Controller\BaseController.class.php 第 63 行.
NOTIC: [8] Use of undefined constant id - assumed 'id' D:\WWW\lunhui\Application\Home\Controller\BaseController.class.php 第 63 行.
NOTIC: [8] Use of undefined constant id - assumed 'id' D:\WWW\lunhui\Application\Home\Controller\BaseController.class.php 第 63 行.
NOTIC: [8] Use of undefined constant id - assumed 'id' D:\WWW\lunhui\Application\Home\Controller\BaseController.class.php 第 63 行.
NOTIC: [8] Use of undefined constant id - assumed 'id' D:\WWW\lunhui\Application\Home\Controller\BaseController.class.php 第 63 行.
NOTIC: [8] Use of undefined constant id - assumed 'id' D:\WWW\lunhui\Application\Home\Controller\BaseController.class.php 第 63 行.
NOTIC: [8] Use of undefined constant id - assumed 'id' D:\WWW\lunhui\Application\Home\Controller\BaseController.class.php 第 63 行.
NOTIC: [8] Use of undefined constant id - assumed 'id' D:\WWW\lunhui\Application\Home\Controller\BaseController.class.php 第 63 行.
NOTIC: [8] Use of undefined constant id - assumed 'id' D:\WWW\lunhui\Application\Home\Controller\BaseController.class.php 第 63 行.
NOTIC: [8] Use of undefined constant id - assumed 'id' D:\WWW\lunhui\Application\Home\Controller\BaseController.class.php 第 63 行.
NOTIC: [8] Use of undefined constant id - assumed 'id' D:\WWW\lunhui\Application\Home\Controller\BaseController.class.php 第 63 行.
NOTIC: [8] Use of undefined constant id - assumed 'id' D:\WWW\lunhui\Application\Home\Controller\BaseController.class.php 第 63 行.
NOTIC: [8] Use of undefined constant id - assumed 'id' D:\WWW\lunhui\Application\Home\Controller\BaseController.class.php 第 63 行.
NOTIC: [8] Use of undefined constant id - assumed 'id' D:\WWW\lunhui\Application\Home\Controller\BaseController.class.php 第 63 行.
NOTIC: [8] Use of undefined constant id - assumed 'id' D:\WWW\lunhui\Application\Home\Controller\BaseController.class.php 第 63 行.
NOTIC: [8] Use of undefined constant id - assumed 'id' D:\WWW\lunhui\Application\Home\Controller\BaseController.class.php 第 63 行.
NOTIC: [8] Use of undefined constant id - assumed 'id' D:\WWW\lunhui\Application\Home\Controller\BaseController.class.php 第 63 行.
NOTIC: [8] Use of undefined constant id - assumed 'id' D:\WWW\lunhui\Application\Home\Controller\BaseController.class.php 第 63 行.
NOTIC: [8] Use of undefined constant id - assumed 'id' D:\WWW\lunhui\Application\Home\Controller\BaseController.class.php 第 63 行.
NOTIC: [8] Use of undefined constant id - assumed 'id' D:\WWW\lunhui\Application\Home\Controller\BaseController.class.php 第 63 行.
NOTIC: [8] Use of undefined constant id - assumed 'id' D:\WWW\lunhui\Application\Home\Controller\BaseController.class.php 第 63 行.
NOTIC: [8] Use of undefined constant id - assumed 'id' D:\WWW\lunhui\Application\Home\Controller\BaseController.class.php 第 63 行.
NOTIC: [8] Use of undefined constant id - assumed 'id' D:\WWW\lunhui\Application\Home\Controller\BaseController.class.php 第 63 行.
SQL: SHOW COLUMNS FROM `web_carousel_list` [ RunTime:0.0024s ]
SQL: SELECT * FROM `web_carousel_list` WHERE ( img != '' and state > 0 ) ORDER BY orderby  [ RunTime:0.0003s ]
SQL: SHOW COLUMNS FROM `web_article_cate` [ RunTime:0.0035s ]
SQL: SELECT * FROM `web_article_cate`  [ RunTime:0.0005s ]
SQL: SHOW COLUMNS FROM `web_link` [ RunTime:0.0025s ]
SQL: SELECT * FROM `web_link` WHERE ( state = 1 ) ORDER BY orderby  [ RunTime:0.0002s ]
SQL: SHOW COLUMNS FROM `web_liuyan` [ RunTime:0.0023s ]
SQL: SELECT * FROM `web_liuyan` ORDER BY add_time desc LIMIT 4   [ RunTime:0.0003s ]
SQL: SELECT `a_id` FROM `web_article` WHERE ( a_views > 0 )  [ RunTime:0.0003s ]
SQL: SELECT * FROM `web_article` WHERE `a_id` = 52 LIMIT 1   [ RunTime:0.0002s ]
SQL: SELECT * FROM `web_article` WHERE `a_id` = 28 LIMIT 1   [ RunTime:0.0002s ]
SQL: SELECT * FROM `web_article` WHERE `a_id` = 32 LIMIT 1   [ RunTime:0.0001s ]
SQL: SELECT `a_id`,`photo`,`a_title`,`a_remark`,`a_keyword`,`cate_id`,`create_time`,`last_time`,`a_content`,`a_views`,`a_type`,`a_red`,`a_from`,`a_writer`,`create_ip` FROM `web_article` WHERE ( a_views > 0 ) ORDER BY a_views desc LIMIT 12   [ RunTime:0.0050s ]
ERR: 非法操作:Admin

[ 2016-02-17T10:17:00+08:00 ] ::1 /lunhui/Uploads/images/2016-01-14/56978ba5e1201.png
INFO: [ app_init ] --START--
INFO: Run Behavior\BuildLiteBehavior [ RunTime:0.000020s ]
INFO: [ app_init ] --END-- [ RunTime:0.000474s ]

[ 2016-02-17T10:17:00+08:00 ] ::1 /lunhui/Uploads/images/2016-01-08/568f41139d122.png
INFO: [ app_init ] --START--
INFO: Run Behavior\BuildLiteBehavior [ RunTime:0.000019s ]
INFO: [ app_init ] --END-- [ RunTime:0.000426s ]

[ 2016-02-17T10:17:00+08:00 ] ::1 /lunhui/Uploads//images/2016-02-04/56b2b85c6e0a9.png
INFO: [ app_init ] --START--
INFO: Run Behavior\BuildLiteBehavior [ RunTime:0.000018s ]
INFO: [ app_init ] --END-- [ RunTime:0.000487s ]

[ 2016-02-17T10:17:00+08:00 ] ::1 /lunhui/Uploads/images/2016-01-05/568b651b57a98.png
INFO: [ app_init ] --START--
INFO: Run Behavior\BuildLiteBehavior [ RunTime:0.000164s ]
INFO: [ app_init ] --END-- [ RunTime:0.000741s ]

[ 2016-02-17T10:17:00+08:00 ] ::1 /lunhui/Uploads/images/2016-01-13/56963dbe55331.png
INFO: [ app_init ] --START--
INFO: Run Behavior\BuildLiteBehavior [ RunTime:0.000023s ]
INFO: [ app_init ] --END-- [ RunTime:0.023951s ]

[ 2016-02-17T10:17:00+08:00 ] ::1 /lunhui/Uploads//images/2016-02-04/56b2b8fe53697.jpg
INFO: [ app_init ] --START--
INFO: Run Behavior\BuildLiteBehavior [ RunTime:0.000016s ]
INFO: [ app_init ] --END-- [ RunTime:0.000430s ]

[ 2016-02-17T10:17:00+08:00 ] ::1 /lunhui/Uploads/images/2015-12-28/56813abd0a3ed.png
INFO: [ app_init ] --START--
INFO: Run Behavior\BuildLiteBehavior [ RunTime:0.000018s ]
INFO: [ app_init ] --END-- [ RunTime:0.000461s ]

[ 2016-02-17T10:17:00+08:00 ] ::1 /lunhui/Uploads//images/2016-01-22/56a1d70d67173.png
INFO: [ app_init ] --START--
INFO: Run Behavior\BuildLiteBehavior [ RunTime:0.000019s ]
INFO: [ app_init ] --END-- [ RunTime:0.000473s ]

[ 2016-02-17T10:17:00+08:00 ] ::1 /lunhui/Uploads/images/2015-12-28/56800f2012d17.png
INFO: [ app_init ] --START--
INFO: Run Behavior\BuildLiteBehavior [ RunTime:0.000020s ]
INFO: [ app_init ] --END-- [ RunTime:0.000437s ]

[ 2016-02-17T10:17:00+08:00 ] ::1 /lunhui/Uploads/images/2016-01-04/5689f8aa587ca.jpg
INFO: [ app_init ] --START--
INFO: Run Behavior\BuildLiteBehavior [ RunTime:0.000019s ]
INFO: [ app_init ] --END-- [ RunTime:0.000556s ]

[ 2016-02-17T10:17:00+08:00 ] ::1 /lunhui/Public/Admin/js/plugins/layer/extend/layer.ext.js
INFO: [ app_init ] --START--
INFO: Run Behavior\BuildLiteBehavior [ RunTime:0.000020s ]
INFO: [ app_init ] --END-- [ RunTime:0.000482s ]
INFO: [ app_begin ] --START--
INFO: Run Behavior\ReadHtmlCacheBehavior [ RunTime:0.002131s ]
INFO: [ app_begin ] --END-- [ RunTime:0.002686s ]
NOTIC: [8] Undefined index: code D:\WWW\lunhui\Application\Home\Controller\BaseController.class.php 第 24 行.
NOTIC: [8192] Function eregi() is deprecated D:\WWW\lunhui\Application\Common\Common\function.php 第 63 行.
NOTIC: [8192] Function eregi() is deprecated D:\WWW\lunhui\Application\Common\Common\function.php 第 65 行.
NOTIC: [8192] Function eregi() is deprecated D:\WWW\lunhui\Application\Common\Common\function.php 第 67 行.
NOTIC: [8192] Function ereg() is deprecated D:\WWW\lunhui\Application\Common\Common\function.php 第 67 行.
NOTIC: [8192] Function eregi() is deprecated D:\WWW\lunhui\Application\Common\Common\function.php 第 69 行.
NOTIC: [8192] Function eregi() is deprecated D:\WWW\lunhui\Application\Common\Common\function.php 第 69 行.
NOTIC: [8192] Function eregi() is deprecated D:\WWW\lunhui\Application\Common\Common\function.php 第 71 行.
NOTIC: [8192] Function eregi() is deprecated D:\WWW\lunhui\Application\Common\Common\function.php 第 71 行.
NOTIC: [8192] Function eregi() is deprecated D:\WWW\lunhui\Application\Common\Common\function.php 第 73 行.
NOTIC: [8192] Function eregi() is deprecated D:\WWW\lunhui\Application\Common\Common\function.php 第 73 行.
NOTIC: [8192] Function eregi() is deprecated D:\WWW\lunhui\Application\Common\Common\function.php 第 75 行.
NOTIC: [8192] Function eregi() is deprecated D:\WWW\lunhui\Application\Common\Common\function.php 第 75 行.
NOTIC: [8192] Function eregi() is deprecated D:\WWW\lunhui\Application\Common\Common\function.php 第 77 行.
NOTIC: [8192] Function eregi() is deprecated D:\WWW\lunhui\Application\Common\Common\function.php 第 77 行.
NOTIC: [8192] Function eregi() is deprecated D:\WWW\lunhui\Application\Common\Common\function.php 第 79 行.
NOTIC: [8192] Function eregi() is deprecated D:\WWW\lunhui\Application\Common\Common\function.php 第 79 行.
SQL: SHOW COLUMNS FROM `web_article` [ RunTime:0.0031s ]
SQL: SELECT `a_keyword`,`a_id`,`create_time` FROM `web_article` WHERE ( a_keyword != '' and a_views > 0 ) ORDER BY create_time desc LIMIT 50   [ RunTime:0.0005s ]
NOTIC: [8] Use of undefined constant id - assumed 'id' D:\WWW\lunhui\Application\Home\Controller\BaseController.class.php 第 63 行.
NOTIC: [8] Use of undefined constant id - assumed 'id' D:\WWW\lunhui\Application\Home\Controller\BaseController.class.php 第 63 行.
NOTIC: [8] Use of undefined constant id - assumed 'id' D:\WWW\lunhui\Application\Home\Controller\BaseController.class.php 第 63 行.
NOTIC: [8] Use of undefined constant id - assumed 'id' D:\WWW\lunhui\Application\Home\Controller\BaseController.class.php 第 63 行.
NOTIC: [8] Use of undefined constant id - assumed 'id' D:\WWW\lunhui\Application\Home\Controller\BaseController.class.php 第 63 行.
NOTIC: [8] Use of undefined constant id - assumed 'id' D:\WWW\lunhui\Application\Home\Controller\BaseController.class.php 第 63 行.
NOTIC: [8] Use of undefined constant id - assumed 'id' D:\WWW\lunhui\Application\Home\Controller\BaseController.class.php 第 63 行.
NOTIC: [8] Use of undefined constant id - assumed 'id' D:\WWW\lunhui\Application\Home\Controller\BaseController.class.php 第 63 行.
NOTIC: [8] Use of undefined constant id - assumed 'id' D:\WWW\lunhui\Application\Home\Controller\BaseController.class.php 第 63 行.
NOTIC: [8] Use of undefined constant id - assumed 'id' D:\WWW\lunhui\Application\Home\Controller\BaseController.class.php 第 63 行.
NOTIC: [8] Use of undefined constant id - assumed 'id' D:\WWW\lunhui\Application\Home\Controller\BaseController.class.php 第 63 行.
NOTIC: [8] Use of undefined constant id - assumed 'id' D:\WWW\lunhui\Application\Home\Controller\BaseController.class.php 第 63 行.
NOTIC: [8] Use of undefined constant id - assumed 'id' D:\WWW\lunhui\Application\Home\Controller\BaseController.class.php 第 63 行.
NOTIC: [8] Use of undefined constant id - assumed 'id' D:\WWW\lunhui\Application\Home\Controller\BaseController.class.php 第 63 行.
NOTIC: [8] Use of undefined constant id - assumed 'id' D:\WWW\lunhui\Application\Home\Controller\BaseController.class.php 第 63 行.
NOTIC: [8] Use of undefined constant id - assumed 'id' D:\WWW\lunhui\Application\Home\Controller\BaseController.class.php 第 63 行.
NOTIC: [8] Use of undefined constant id - assumed 'id' D:\WWW\lunhui\Application\Home\Controller\BaseController.class.php 第 63 行.
NOTIC: [8] Use of undefined constant id - assumed 'id' D:\WWW\lunhui\Application\Home\Controller\BaseController.class.php 第 63 行.
NOTIC: [8] Use of undefined constant id - assumed 'id' D:\WWW\lunhui\Application\Home\Controller\BaseController.class.php 第 63 行.
NOTIC: [8] Use of undefined constant id - assumed 'id' D:\WWW\lunhui\Application\Home\Controller\BaseController.class.php 第 63 行.
NOTIC: [8] Use of undefined constant id - assumed 'id' D:\WWW\lunhui\Application\Home\Controller\BaseController.class.php 第 63 行.
NOTIC: [8] Use of undefined constant id - assumed 'id' D:\WWW\lunhui\Application\Home\Controller\BaseController.class.php 第 63 行.
NOTIC: [8] Use of undefined constant id - assumed 'id' D:\WWW\lunhui\Application\Home\Controller\BaseController.class.php 第 63 行.
NOTIC: [8] Use of undefined constant id - assumed 'id' D:\WWW\lunhui\Application\Home\Controller\BaseController.class.php 第 63 行.
NOTIC: [8] Use of undefined constant id - assumed 'id' D:\WWW\lunhui\Application\Home\Controller\BaseController.class.php 第 63 行.
NOTIC: [8] Use of undefined constant id - assumed 'id' D:\WWW\lunhui\Application\Home\Controller\BaseController.class.php 第 63 行.
NOTIC: [8] Use of undefined constant id - assumed 'id' D:\WWW\lunhui\Application\Home\Controller\BaseController.class.php 第 63 行.
NOTIC: [8] Use of undefined constant id - assumed 'id' D:\WWW\lunhui\Application\Home\Controller\BaseController.class.php 第 63 行.
NOTIC: [8] Use of undefined constant id - assumed 'id' D:\WWW\lunhui\Application\Home\Controller\BaseController.class.php 第 63 行.
NOTIC: [8] Use of undefined constant id - assumed 'id' D:\WWW\lunhui\Application\Home\Controller\BaseController.class.php 第 63 行.
NOTIC: [8] Use of undefined constant id - assumed 'id' D:\WWW\lunhui\Application\Home\Controller\BaseController.class.php 第 63 行.
NOTIC: [8] Use of undefined constant id - assumed 'id' D:\WWW\lunhui\Application\Home\Controller\BaseController.class.php 第 63 行.
NOTIC: [8] Use of undefined constant id - assumed 'id' D:\WWW\lunhui\Application\Home\Controller\BaseController.class.php 第 63 行.
NOTIC: [8] Use of undefined constant id - assumed 'id' D:\WWW\lunhui\Application\Home\Controller\BaseController.class.php 第 63 行.
NOTIC: [8] Use of undefined constant id - assumed 'id' D:\WWW\lunhui\Application\Home\Controller\BaseController.class.php 第 63 行.
NOTIC: [8] Use of undefined constant id - assumed 'id' D:\WWW\lunhui\Application\Home\Controller\BaseController.class.php 第 63 行.
NOTIC: [8] Use of undefined constant id - assumed 'id' D:\WWW\lunhui\Application\Home\Controller\BaseController.class.php 第 63 行.
NOTIC: [8] Use of undefined constant id - assumed 'id' D:\WWW\lunhui\Application\Home\Controller\BaseController.class.php 第 63 行.
SQL: SHOW COLUMNS FROM `web_carousel_list` [ RunTime:0.0022s ]
SQL: SELECT * FROM `web_carousel_list` WHERE ( img != '' and state > 0 ) ORDER BY orderby  [ RunTime:0.0002s ]
SQL: SHOW COLUMNS FROM `web_article_cate` [ RunTime:0.0020s ]
SQL: SELECT * FROM `web_article_cate`  [ RunTime:0.0002s ]
SQL: SHOW COLUMNS FROM `web_link` [ RunTime:0.0030s ]
SQL: SELECT * FROM `web_link` WHERE ( state = 1 ) ORDER BY orderby  [ RunTime:0.0003s ]
SQL: SHOW COLUMNS FROM `web_liuyan` [ RunTime:0.0021s ]
SQL: SELECT * FROM `web_liuyan` ORDER BY add_time desc LIMIT 4   [ RunTime:0.0002s ]
SQL: SELECT `a_id` FROM `web_article` WHERE ( a_views > 0 )  [ RunTime:0.0003s ]
SQL: SELECT * FROM `web_article` WHERE `a_id` = 34 LIMIT 1   [ RunTime:0.0003s ]
SQL: SELECT * FROM `web_article` WHERE `a_id` = 37 LIMIT 1   [ RunTime:0.0002s ]
SQL: SELECT * FROM `web_article` WHERE `a_id` = 46 LIMIT 1   [ RunTime:0.0001s ]
SQL: SELECT `a_id`,`photo`,`a_title`,`a_remark`,`a_keyword`,`cate_id`,`create_time`,`last_time`,`a_content`,`a_views`,`a_type`,`a_red`,`a_from`,`a_writer`,`create_ip` FROM `web_article` WHERE ( a_views > 0 ) ORDER BY a_views desc LIMIT 12   [ RunTime:0.0006s ]
ERR: 非法操作:Admin

[ 2016-02-17T10:17:04+08:00 ] ::1 /lunhui/Uploads//images/2016-02-04/56b2b85c6e0a9.png
INFO: [ app_init ] --START--
INFO: Run Behavior\BuildLiteBehavior [ RunTime:0.000013s ]
INFO: [ app_init ] --END-- [ RunTime:0.000356s ]

[ 2016-02-17T10:17:04+08:00 ] ::1 /lunhui/Public/js/jquery.min.js
INFO: [ app_init ] --START--
INFO: Run Behavior\BuildLiteBehavior [ RunTime:0.000014s ]
INFO: [ app_init ] --END-- [ RunTime:0.000332s ]
INFO: [ app_begin ] --START--
INFO: Run Behavior\ReadHtmlCacheBehavior [ RunTime:0.000554s ]
INFO: [ app_begin ] --END-- [ RunTime:0.000599s ]
NOTIC: [8] Undefined index: code D:\WWW\lunhui\Application\Home\Controller\BaseController.class.php 第 24 行.
NOTIC: [8192] Function eregi() is deprecated D:\WWW\lunhui\Application\Common\Common\function.php 第 63 行.
NOTIC: [8192] Function eregi() is deprecated D:\WWW\lunhui\Application\Common\Common\function.php 第 65 行.
NOTIC: [8192] Function eregi() is deprecated D:\WWW\lunhui\Application\Common\Common\function.php 第 67 行.
NOTIC: [8192] Function ereg() is deprecated D:\WWW\lunhui\Application\Common\Common\function.php 第 67 行.
NOTIC: [8192] Function eregi() is deprecated D:\WWW\lunhui\Application\Common\Common\function.php 第 69 行.
NOTIC: [8192] Function eregi() is deprecated D:\WWW\lunhui\Application\Common\Common\function.php 第 69 行.
NOTIC: [8192] Function eregi() is deprecated D:\WWW\lunhui\Application\Common\Common\function.php 第 71 行.
NOTIC: [8192] Function eregi() is deprecated D:\WWW\lunhui\Application\Common\Common\function.php 第 71 行.
NOTIC: [8192] Function eregi() is deprecated D:\WWW\lunhui\Application\Common\Common\function.php 第 73 行.
NOTIC: [8192] Function eregi() is deprecated D:\WWW\lunhui\Application\Common\Common\function.php 第 73 行.
NOTIC: [8192] Function eregi() is deprecated D:\WWW\lunhui\Application\Common\Common\function.php 第 75 行.
NOTIC: [8192] Function eregi() is deprecated D:\WWW\lunhui\Application\Common\Common\function.php 第 75 行.
NOTIC: [8192] Function eregi() is deprecated D:\WWW\lunhui\Application\Common\Common\function.php 第 77 行.
NOTIC: [8192] Function eregi() is deprecated D:\WWW\lunhui\Application\Common\Common\function.php 第 77 行.
NOTIC: [8192] Function eregi() is deprecated D:\WWW\lunhui\Application\Common\Common\function.php 第 79 行.
NOTIC: [8192] Function eregi() is deprecated D:\WWW\lunhui\Application\Common\Common\function.php 第 79 行.
SQL: SHOW COLUMNS FROM `web_article` [ RunTime:0.0042s ]
SQL: SELECT `a_keyword`,`a_id`,`create_time` FROM `web_article` WHERE ( a_keyword != '' and a_views > 0 ) ORDER BY create_time desc LIMIT 50   [ RunTime:0.0008s ]
NOTIC: [8] Use of undefined constant id - assumed 'id' D:\WWW\lunhui\Application\Home\Controller\BaseController.class.php 第 63 行.
NOTIC: [8] Use of undefined constant id - assumed 'id' D:\WWW\lunhui\Application\Home\Controller\BaseController.class.php 第 63 行.
NOTIC: [8] Use of undefined constant id - assumed 'id' D:\WWW\lunhui\Application\Home\Controller\BaseController.class.php 第 63 行.
NOTIC: [8] Use of undefined constant id - assumed 'id' D:\WWW\lunhui\Application\Home\Controller\BaseController.class.php 第 63 行.
NOTIC: [8] Use of undefined constant id - assumed 'id' D:\WWW\lunhui\Application\Home\Controller\BaseController.class.php 第 63 行.
NOTIC: [8] Use of undefined constant id - assumed 'id' D:\WWW\lunhui\Application\Home\Controller\BaseController.class.php 第 63 行.
NOTIC: [8] Use of undefined constant id - assumed 'id' D:\WWW\lunhui\Application\Home\Controller\BaseController.class.php 第 63 行.
NOTIC: [8] Use of undefined constant id - assumed 'id' D:\WWW\lunhui\Application\Home\Controller\BaseController.class.php 第 63 行.
NOTIC: [8] Use of undefined constant id - assumed 'id' D:\WWW\lunhui\Application\Home\Controller\BaseController.class.php 第 63 行.
NOTIC: [8] Use of undefined constant id - assumed 'id' D:\WWW\lunhui\Application\Home\Controller\BaseController.class.php 第 63 行.
NOTIC: [8] Use of undefined constant id - assumed 'id' D:\WWW\lunhui\Application\Home\Controller\BaseController.class.php 第 63 行.
NOTIC: [8] Use of undefined constant id - assumed 'id' D:\WWW\lunhui\Application\Home\Controller\BaseController.class.php 第 63 行.
NOTIC: [8] Use of undefined constant id - assumed 'id' D:\WWW\lunhui\Application\Home\Controller\BaseController.class.php 第 63 行.
NOTIC: [8] Use of undefined constant id - assumed 'id' D:\WWW\lunhui\Application\Home\Controller\BaseController.class.php 第 63 行.
NOTIC: [8] Use of undefined constant id - assumed 'id' D:\WWW\lunhui\Application\Home\Controller\BaseController.class.php 第 63 行.
NOTIC: [8] Use of undefined constant id - assumed 'id' D:\WWW\lunhui\Application\Home\Controller\BaseController.class.php 第 63 行.
NOTIC: [8] Use of undefined constant id - assumed 'id' D:\WWW\lunhui\Application\Home\Controller\BaseController.class.php 第 63 行.
NOTIC: [8] Use of undefined constant id - assumed 'id' D:\WWW\lunhui\Application\Home\Controller\BaseController.class.php 第 63 行.
NOTIC: [8] Use of undefined constant id - assumed 'id' D:\WWW\lunhui\Application\Home\Controller\BaseController.class.php 第 63 行.
NOTIC: [8] Use of undefined constant id - assumed 'id' D:\WWW\lunhui\Application\Home\Controller\BaseController.class.php 第 63 行.
NOTIC: [8] Use of undefined constant id - assumed 'id' D:\WWW\lunhui\Application\Home\Controller\BaseController.class.php 第 63 行.
NOTIC: [8] Use of undefined constant id - assumed 'id' D:\WWW\lunhui\Application\Home\Controller\BaseController.class.php 第 63 行.
NOTIC: [8] Use of undefined constant id - assumed 'id' D:\WWW\lunhui\Application\Home\Controller\BaseController.class.php 第 63 行.
NOTIC: [8] Use of undefined constant id - assumed 'id' D:\WWW\lunhui\Application\Home\Controller\BaseController.class.php 第 63 行.
NOTIC: [8] Use of undefined constant id - assumed 'id' D:\WWW\lunhui\Application\Home\Controller\BaseController.class.php 第 63 行.
NOTIC: [8] Use of undefined constant id - assumed 'id' D:\WWW\lunhui\Application\Home\Controller\BaseController.class.php 第 63 行.
NOTIC: [8] Use of undefined constant id - assumed 'id' D:\WWW\lunhui\Application\Home\Controller\BaseController.class.php 第 63 行.
NOTIC: [8] Use of undefined constant id - assumed 'id' D:\WWW\lunhui\Application\Home\Controller\BaseController.class.php 第 63 行.
NOTIC: [8] Use of undefined constant id - assumed 'id' D:\WWW\lunhui\Application\Home\Controller\BaseController.class.php 第 63 行.
NOTIC: [8] Use of undefined constant id - assumed 'id' D:\WWW\lunhui\Application\Home\Controller\BaseController.class.php 第 63 行.
NOTIC: [8] Use of undefined constant id - assumed 'id' D:\WWW\lunhui\Application\Home\Controller\BaseController.class.php 第 63 行.
NOTIC: [8] Use of undefined constant id - assumed 'id' D:\WWW\lunhui\Application\Home\Controller\BaseController.class.php 第 63 行.
NOTIC: [8] Use of undefined constant id - assumed 'id' D:\WWW\lunhui\Application\Home\Controller\BaseController.class.php 第 63 行.
NOTIC: [8] Use of undefined constant id - assumed 'id' D:\WWW\lunhui\Application\Home\Controller\BaseController.class.php 第 63 行.
NOTIC: [8] Use of undefined constant id - assumed 'id' D:\WWW\lunhui\Application\Home\Controller\BaseController.class.php 第 63 行.
NOTIC: [8] Use of undefined constant id - assumed 'id' D:\WWW\lunhui\Application\Home\Controller\BaseController.class.php 第 63 行.
NOTIC: [8] Use of undefined constant id - assumed 'id' D:\WWW\lunhui\Application\Home\Controller\BaseController.class.php 第 63 行.
NOTIC: [8] Use of undefined constant id - assumed 'id' D:\WWW\lunhui\Application\Home\Controller\BaseController.class.php 第 63 行.
SQL: SHOW COLUMNS FROM `web_carousel_list` [ RunTime:0.0031s ]
SQL: SELECT * FROM `web_carousel_list` WHERE ( img != '' and state > 0 ) ORDER BY orderby  [ RunTime:0.0004s ]
SQL: SHOW COLUMNS FROM `web_article_cate` [ RunTime:0.0034s ]
SQL: SELECT * FROM `web_article_cate`  [ RunTime:0.0003s ]
SQL: SHOW COLUMNS FROM `web_link` [ RunTime:0.0032s ]
SQL: SELECT * FROM `web_link` WHERE ( state = 1 ) ORDER BY orderby  [ RunTime:0.0004s ]
SQL: SHOW COLUMNS FROM `web_liuyan` [ RunTime:0.0046s ]
SQL: SELECT * FROM `web_liuyan` ORDER BY add_time desc LIMIT 4   [ RunTime:0.0004s ]
SQL: SELECT `a_id` FROM `web_article` WHERE ( a_views > 0 )  [ RunTime:0.0003s ]
SQL: SELECT * FROM `web_article` WHERE `a_id` = 58 LIMIT 1   [ RunTime:0.0002s ]
SQL: SELECT * FROM `web_article` WHERE `a_id` = 59 LIMIT 1   [ RunTime:0.0002s ]
SQL: SELECT * FROM `web_article` WHERE `a_id` = 47 LIMIT 1   [ RunTime:0.0002s ]
SQL: SELECT `a_id`,`photo`,`a_title`,`a_remark`,`a_keyword`,`cate_id`,`create_time`,`last_time`,`a_content`,`a_views`,`a_type`,`a_red`,`a_from`,`a_writer`,`create_ip` FROM `web_article` WHERE ( a_views > 0 ) ORDER BY a_views desc LIMIT 12   [ RunTime:0.0008s ]
ERR: 非法操作:js

[ 2016-02-17T10:17:04+08:00 ] ::1 /lunhui/Uploads//images/2016-02-04/56b2b85c6e0a9.png
INFO: [ app_init ] --START--
INFO: Run Behavior\BuildLiteBehavior [ RunTime:0.000014s ]
INFO: [ app_init ] --END-- [ RunTime:0.000343s ]

[ 2016-02-17T10:17:04+08:00 ] ::1 /lunhui/Public/Admin/js/plugins/layer/extend/layer.ext.js
INFO: [ app_init ] --START--
INFO: Run Behavior\BuildLiteBehavior [ RunTime:0.000014s ]
INFO: [ app_init ] --END-- [ RunTime:0.000336s ]
INFO: [ app_begin ] --START--
INFO: Run Behavior\ReadHtmlCacheBehavior [ RunTime:0.000975s ]
INFO: [ app_begin ] --END-- [ RunTime:0.001053s ]
NOTIC: [8] Undefined index: code D:\WWW\lunhui\Application\Home\Controller\BaseController.class.php 第 24 行.
NOTIC: [8192] Function eregi() is deprecated D:\WWW\lunhui\Application\Common\Common\function.php 第 63 行.
NOTIC: [8192] Function eregi() is deprecated D:\WWW\lunhui\Application\Common\Common\function.php 第 65 行.
NOTIC: [8192] Function eregi() is deprecated D:\WWW\lunhui\Application\Common\Common\function.php 第 67 行.
NOTIC: [8192] Function ereg() is deprecated D:\WWW\lunhui\Application\Common\Common\function.php 第 67 行.
NOTIC: [8192] Function eregi() is deprecated D:\WWW\lunhui\Application\Common\Common\function.php 第 69 行.
NOTIC: [8192] Function eregi() is deprecated D:\WWW\lunhui\Application\Common\Common\function.php 第 69 行.
NOTIC: [8192] Function eregi() is deprecated D:\WWW\lunhui\Application\Common\Common\function.php 第 71 行.
NOTIC: [8192] Function eregi() is deprecated D:\WWW\lunhui\Application\Common\Common\function.php 第 71 行.
NOTIC: [8192] Function eregi() is deprecated D:\WWW\lunhui\Application\Common\Common\function.php 第 73 行.
NOTIC: [8192] Function eregi() is deprecated D:\WWW\lunhui\Application\Common\Common\function.php 第 73 行.
NOTIC: [8192] Function eregi() is deprecated D:\WWW\lunhui\Application\Common\Common\function.php 第 75 行.
NOTIC: [8192] Function eregi() is deprecated D:\WWW\lunhui\Application\Common\Common\function.php 第 75 行.
NOTIC: [8192] Function eregi() is deprecated D:\WWW\lunhui\Application\Common\Common\function.php 第 77 行.
NOTIC: [8192] Function eregi() is deprecated D:\WWW\lunhui\Application\Common\Common\function.php 第 77 行.
NOTIC: [8192] Function eregi() is deprecated D:\WWW\lunhui\Application\Common\Common\function.php 第 79 行.
NOTIC: [8192] Function eregi() is deprecated D:\WWW\lunhui\Application\Common\Common\function.php 第 79 行.
SQL: SHOW COLUMNS FROM `web_article` [ RunTime:0.0023s ]
SQL: SELECT `a_keyword`,`a_id`,`create_time` FROM `web_article` WHERE ( a_keyword != '' and a_views > 0 ) ORDER BY create_time desc LIMIT 50   [ RunTime:0.0004s ]
NOTIC: [8] Use of undefined constant id - assumed 'id' D:\WWW\lunhui\Application\Home\Controller\BaseController.class.php 第 63 行.
NOTIC: [8] Use of undefined constant id - assumed 'id' D:\WWW\lunhui\Application\Home\Controller\BaseController.class.php 第 63 行.
NOTIC: [8] Use of undefined constant id - assumed 'id' D:\WWW\lunhui\Application\Home\Controller\BaseController.class.php 第 63 行.
NOTIC: [8] Use of undefined constant id - assumed 'id' D:\WWW\lunhui\Application\Home\Controller\BaseController.class.php 第 63 行.
NOTIC: [8] Use of undefined constant id - assumed 'id' D:\WWW\lunhui\Application\Home\Controller\BaseController.class.php 第 63 行.
NOTIC: [8] Use of undefined constant id - assumed 'id' D:\WWW\lunhui\Application\Home\Controller\BaseController.class.php 第 63 行.
NOTIC: [8] Use of undefined constant id - assumed 'id' D:\WWW\lunhui\Application\Home\Controller\BaseController.class.php 第 63 行.
NOTIC: [8] Use of undefined constant id - assumed 'id' D:\WWW\lunhui\Application\Home\Controller\BaseController.class.php 第 63 行.
NOTIC: [8] Use of undefined constant id - assumed 'id' D:\WWW\lunhui\Application\Home\Controller\BaseController.class.php 第 63 行.
NOTIC: [8] Use of undefined constant id - assumed 'id' D:\WWW\lunhui\Application\Home\Controller\BaseController.class.php 第 63 行.
NOTIC: [8] Use of undefined constant id - assumed 'id' D:\WWW\lunhui\Application\Home\Controller\BaseController.class.php 第 63 行.
NOTIC: [8] Use of undefined constant id - assumed 'id' D:\WWW\lunhui\Application\Home\Controller\BaseController.class.php 第 63 行.
NOTIC: [8] Use of undefined constant id - assumed 'id' D:\WWW\lunhui\Application\Home\Controller\BaseController.class.php 第 63 行.
NOTIC: [8] Use of undefined constant id - assumed 'id' D:\WWW\lunhui\Application\Home\Controller\BaseController.class.php 第 63 行.
NOTIC: [8] Use of undefined constant id - assumed 'id' D:\WWW\lunhui\Application\Home\Controller\BaseController.class.php 第 63 行.
NOTIC: [8] Use of undefined constant id - assumed 'id' D:\WWW\lunhui\Application\Home\Controller\BaseController.class.php 第 63 行.
NOTIC: [8] Use of undefined constant id - assumed 'id' D:\WWW\lunhui\Application\Home\Controller\BaseController.class.php 第 63 行.
NOTIC: [8] Use of undefined constant id - assumed 'id' D:\WWW\lunhui\Application\Home\Controller\BaseController.class.php 第 63 行.
NOTIC: [8] Use of undefined constant id - assumed 'id' D:\WWW\lunhui\Application\Home\Controller\BaseController.class.php 第 63 行.
NOTIC: [8] Use of undefined constant id - assumed 'id' D:\WWW\lunhui\Application\Home\Controller\BaseController.class.php 第 63 行.
NOTIC: [8] Use of undefined constant id - assumed 'id' D:\WWW\lunhui\Application\Home\Controller\BaseController.class.php 第 63 行.
NOTIC: [8] Use of undefined constant id - assumed 'id' D:\WWW\lunhui\Application\Home\Controller\BaseController.class.php 第 63 行.
NOTIC: [8] Use of undefined constant id - assumed 'id' D:\WWW\lunhui\Application\Home\Controller\BaseController.class.php 第 63 行.
NOTIC: [8] Use of undefined constant id - assumed 'id' D:\WWW\lunhui\Application\Home\Controller\BaseController.class.php 第 63 行.
NOTIC: [8] Use of undefined constant id - assumed 'id' D:\WWW\lunhui\Application\Home\Controller\BaseController.class.php 第 63 行.
NOTIC: [8] Use of undefined constant id - assumed 'id' D:\WWW\lunhui\Application\Home\Controller\BaseController.class.php 第 63 行.
NOTIC: [8] Use of undefined constant id - assumed 'id' D:\WWW\lunhui\Application\Home\Controller\BaseController.class.php 第 63 行.
NOTIC: [8] Use of undefined constant id - assumed 'id' D:\WWW\lunhui\Application\Home\Controller\BaseController.class.php 第 63 行.
NOTIC: [8] Use of undefined constant id - assumed 'id' D:\WWW\lunhui\Application\Home\Controller\BaseController.class.php 第 63 行.
NOTIC: [8] Use of undefined constant id - assumed 'id' D:\WWW\lunhui\Application\Home\Controller\BaseController.class.php 第 63 行.
NOTIC: [8] Use of undefined constant id - assumed 'id' D:\WWW\lunhui\Application\Home\Controller\BaseController.class.php 第 63 行.
NOTIC: [8] Use of undefined constant id - assumed 'id' D:\WWW\lunhui\Application\Home\Controller\BaseController.class.php 第 63 行.
NOTIC: [8] Use of undefined constant id - assumed 'id' D:\WWW\lunhui\Application\Home\Controller\BaseController.class.php 第 63 行.
NOTIC: [8] Use of undefined constant id - assumed 'id' D:\WWW\lunhui\Application\Home\Controller\BaseController.class.php 第 63 行.
NOTIC: [8] Use of undefined constant id - assumed 'id' D:\WWW\lunhui\Application\Home\Controller\BaseController.class.php 第 63 行.
NOTIC: [8] Use of undefined constant id - assumed 'id' D:\WWW\lunhui\Application\Home\Controller\BaseController.class.php 第 63 行.
NOTIC: [8] Use of undefined constant id - assumed 'id' D:\WWW\lunhui\Application\Home\Controller\BaseController.class.php 第 63 行.
NOTIC: [8] Use of undefined constant id - assumed 'id' D:\WWW\lunhui\Application\Home\Controller\BaseController.class.php 第 63 行.
SQL: SHOW COLUMNS FROM `web_carousel_list` [ RunTime:0.0026s ]
SQL: SELECT * FROM `web_carousel_list` WHERE ( img != '' and state > 0 ) ORDER BY orderby  [ RunTime:0.0003s ]
SQL: SHOW COLUMNS FROM `web_article_cate` [ RunTime:0.0028s ]
SQL: SELECT * FROM `web_article_cate`  [ RunTime:0.0006s ]
SQL: SHOW COLUMNS FROM `web_link` [ RunTime:0.0022s ]
SQL: SELECT * FROM `web_link` WHERE ( state = 1 ) ORDER BY orderby  [ RunTime:0.0002s ]
SQL: SHOW COLUMNS FROM `web_liuyan` [ RunTime:0.0026s ]
SQL: SELECT * FROM `web_liuyan` ORDER BY add_time desc LIMIT 4   [ RunTime:0.0002s ]
SQL: SELECT `a_id` FROM `web_article` WHERE ( a_views > 0 )  [ RunTime:0.0003s ]
SQL: SELECT * FROM `web_article` WHERE `a_id` = 26 LIMIT 1   [ RunTime:0.0001s ]
SQL: SELECT * FROM `web_article` WHERE `a_id` = 48 LIMIT 1   [ RunTime:0.0001s ]
SQL: SELECT * FROM `web_article` WHERE `a_id` = 50 LIMIT 1   [ RunTime:0.0002s ]
SQL: SELECT `a_id`,`photo`,`a_title`,`a_remark`,`a_keyword`,`cate_id`,`create_time`,`last_time`,`a_content`,`a_views`,`a_type`,`a_red`,`a_from`,`a_writer`,`create_ip` FROM `web_article` WHERE ( a_views > 0 ) ORDER BY a_views desc LIMIT 12   [ RunTime:0.0005s ]
ERR: 非法操作:Admin

[ 2016-02-17T10:17:08+08:00 ] ::1 /lunhui/Uploads/images/2016-01-14/56978ba5e1201.png
INFO: [ app_init ] --START--
INFO: Run Behavior\BuildLiteBehavior [ RunTime:0.000017s ]
INFO: [ app_init ] --END-- [ RunTime:0.000431s ]

[ 2016-02-17T10:17:08+08:00 ] ::1 /lunhui/Uploads/images/2016-01-13/56963dbe55331.png
INFO: [ app_init ] --START--
INFO: Run Behavior\BuildLiteBehavior [ RunTime:0.000020s ]
INFO: [ app_init ] --END-- [ RunTime:0.000470s ]

[ 2016-02-17T10:17:08+08:00 ] ::1 /lunhui/Uploads//images/2016-02-04/56b2b8fe53697.jpg
INFO: [ app_init ] --START--
INFO: Run Behavior\BuildLiteBehavior [ RunTime:0.000018s ]
INFO: [ app_init ] --END-- [ RunTime:0.000424s ]

[ 2016-02-17T10:17:08+08:00 ] ::1 /lunhui/Uploads//images/2016-01-22/56a1d70d67173.png
INFO: [ app_init ] --START--
INFO: Run Behavior\BuildLiteBehavior [ RunTime:0.000019s ]
INFO: [ app_init ] --END-- [ RunTime:0.000501s ]

[ 2016-02-17T10:17:08+08:00 ] ::1 /lunhui/Uploads//images/2016-02-04/56b2b85c6e0a9.png
INFO: [ app_init ] --START--
INFO: Run Behavior\BuildLiteBehavior [ RunTime:0.000017s ]
INFO: [ app_init ] --END-- [ RunTime:0.000433s ]

[ 2016-02-17T10:17:08+08:00 ] ::1 /lunhui/Uploads/images/2015-12-28/56800f2012d17.png
INFO: [ app_init ] --START--
INFO: Run Behavior\BuildLiteBehavior [ RunTime:0.000019s ]
INFO: [ app_init ] --END-- [ RunTime:0.003656s ]

[ 2016-02-17T10:17:08+08:00 ] ::1 /lunhui/Uploads/images/2016-01-05/568b651b57a98.png
INFO: [ app_init ] --START--
INFO: Run Behavior\BuildLiteBehavior [ RunTime:0.000020s ]
INFO: [ app_init ] --END-- [ RunTime:0.000537s ]

[ 2016-02-17T10:17:08+08:00 ] ::1 /lunhui/Uploads/images/2016-01-04/5689f8aa587ca.jpg
INFO: [ app_init ] --START--
INFO: Run Behavior\BuildLiteBehavior [ RunTime:0.000020s ]
INFO: [ app_init ] --END-- [ RunTime:0.000494s ]

[ 2016-02-17T10:17:08+08:00 ] ::1 /lunhui/Uploads/images/2015-12-28/56813abd0a3ed.png
INFO: [ app_init ] --START--
INFO: Run Behavior\BuildLiteBehavior [ RunTime:0.000034s ]
INFO: [ app_init ] --END-- [ RunTime:0.001911s ]

[ 2016-02-17T10:17:08+08:00 ] ::1 /lunhui/Uploads/images/2016-01-08/568f41139d122.png
INFO: [ app_init ] --START--
INFO: Run Behavior\BuildLiteBehavior [ RunTime:0.000030s ]
INFO: [ app_init ] --END-- [ RunTime:0.000569s ]

[ 2016-02-17T10:17:09+08:00 ] ::1 /lunhui/Public/Admin/js/plugins/layer/extend/layer.ext.js
INFO: [ app_init ] --START--
INFO: Run Behavior\BuildLiteBehavior [ RunTime:0.000015s ]
INFO: [ app_init ] --END-- [ RunTime:0.000514s ]
INFO: [ app_begin ] --START--
INFO: Run Behavior\ReadHtmlCacheBehavior [ RunTime:0.000661s ]
INFO: [ app_begin ] --END-- [ RunTime:0.000714s ]
NOTIC: [8] Undefined index: code D:\WWW\lunhui\Application\Home\Controller\BaseController.class.php 第 24 行.
NOTIC: [8192] Function eregi() is deprecated D:\WWW\lunhui\Application\Common\Common\function.php 第 63 行.
NOTIC: [8192] Function eregi() is deprecated D:\WWW\lunhui\Application\Common\Common\function.php 第 65 行.
NOTIC: [8192] Function eregi() is deprecated D:\WWW\lunhui\Application\Common\Common\function.php 第 67 行.
NOTIC: [8192] Function ereg() is deprecated D:\WWW\lunhui\Application\Common\Common\function.php 第 67 行.
NOTIC: [8192] Function eregi() is deprecated D:\WWW\lunhui\Application\Common\Common\function.php 第 69 行.
NOTIC: [8192] Function eregi() is deprecated D:\WWW\lunhui\Application\Common\Common\function.php 第 69 行.
NOTIC: [8192] Function eregi() is deprecated D:\WWW\lunhui\Application\Common\Common\function.php 第 71 行.
NOTIC: [8192] Function eregi() is deprecated D:\WWW\lunhui\Application\Common\Common\function.php 第 71 行.
NOTIC: [8192] Function eregi() is deprecated D:\WWW\lunhui\Application\Common\Common\function.php 第 73 行.
NOTIC: [8192] Function eregi() is deprecated D:\WWW\lunhui\Application\Common\Common\function.php 第 73 行.
NOTIC: [8192] Function eregi() is deprecated D:\WWW\lunhui\Application\Common\Common\function.php 第 75 行.
NOTIC: [8192] Function eregi() is deprecated D:\WWW\lunhui\Application\Common\Common\function.php 第 75 行.
NOTIC: [8192] Function eregi() is deprecated D:\WWW\lunhui\Application\Common\Common\function.php 第 77 行.
NOTIC: [8192] Function eregi() is deprecated D:\WWW\lunhui\Application\Common\Common\function.php 第 77 行.
NOTIC: [8192] Function eregi() is deprecated D:\WWW\lunhui\Application\Common\Common\function.php 第 79 行.
NOTIC: [8192] Function eregi() is deprecated D:\WWW\lunhui\Application\Common\Common\function.php 第 79 行.
SQL: SHOW COLUMNS FROM `web_article` [ RunTime:0.0024s ]
SQL: SELECT `a_keyword`,`a_id`,`create_time` FROM `web_article` WHERE ( a_keyword != '' and a_views > 0 ) ORDER BY create_time desc LIMIT 50   [ RunTime:0.0004s ]
NOTIC: [8] Use of undefined constant id - assumed 'id' D:\WWW\lunhui\Application\Home\Controller\BaseController.class.php 第 63 行.
NOTIC: [8] Use of undefined constant id - assumed 'id' D:\WWW\lunhui\Application\Home\Controller\BaseController.class.php 第 63 行.
NOTIC: [8] Use of undefined constant id - assumed 'id' D:\WWW\lunhui\Application\Home\Controller\BaseController.class.php 第 63 行.
NOTIC: [8] Use of undefined constant id - assumed 'id' D:\WWW\lunhui\Application\Home\Controller\BaseController.class.php 第 63 行.
NOTIC: [8] Use of undefined constant id - assumed 'id' D:\WWW\lunhui\Application\Home\Controller\BaseController.class.php 第 63 行.
NOTIC: [8] Use of undefined constant id - assumed 'id' D:\WWW\lunhui\Application\Home\Controller\BaseController.class.php 第 63 行.
NOTIC: [8] Use of undefined constant id - assumed 'id' D:\WWW\lunhui\Application\Home\Controller\BaseController.class.php 第 63 行.
NOTIC: [8] Use of undefined constant id - assumed 'id' D:\WWW\lunhui\Application\Home\Controller\BaseController.class.php 第 63 行.
NOTIC: [8] Use of undefined constant id - assumed 'id' D:\WWW\lunhui\Application\Home\Controller\BaseController.class.php 第 63 行.
NOTIC: [8] Use of undefined constant id - assumed 'id' D:\WWW\lunhui\Application\Home\Controller\BaseController.class.php 第 63 行.
NOTIC: [8] Use of undefined constant id - assumed 'id' D:\WWW\lunhui\Application\Home\Controller\BaseController.class.php 第 63 行.
NOTIC: [8] Use of undefined constant id - assumed 'id' D:\WWW\lunhui\Application\Home\Controller\BaseController.class.php 第 63 行.
NOTIC: [8] Use of undefined constant id - assumed 'id' D:\WWW\lunhui\Application\Home\Controller\BaseController.class.php 第 63 行.
NOTIC: [8] Use of undefined constant id - assumed 'id' D:\WWW\lunhui\Application\Home\Controller\BaseController.class.php 第 63 行.
NOTIC: [8] Use of undefined constant id - assumed 'id' D:\WWW\lunhui\Application\Home\Controller\BaseController.class.php 第 63 行.
NOTIC: [8] Use of undefined constant id - assumed 'id' D:\WWW\lunhui\Application\Home\Controller\BaseController.class.php 第 63 行.
NOTIC: [8] Use of undefined constant id - assumed 'id' D:\WWW\lunhui\Application\Home\Controller\BaseController.class.php 第 63 行.
NOTIC: [8] Use of undefined constant id - assumed 'id' D:\WWW\lunhui\Application\Home\Controller\BaseController.class.php 第 63 行.
NOTIC: [8] Use of undefined constant id - assumed 'id' D:\WWW\lunhui\Application\Home\Controller\BaseController.class.php 第 63 行.
NOTIC: [8] Use of undefined constant id - assumed 'id' D:\WWW\lunhui\Application\Home\Controller\BaseController.class.php 第 63 行.
NOTIC: [8] Use of undefined constant id - assumed 'id' D:\WWW\lunhui\Application\Home\Controller\BaseController.class.php 第 63 行.
NOTIC: [8] Use of undefined constant id - assumed 'id' D:\WWW\lunhui\Application\Home\Controller\BaseController.class.php 第 63 行.
NOTIC: [8] Use of undefined constant id - assumed 'id' D:\WWW\lunhui\Application\Home\Controller\BaseController.class.php 第 63 行.
NOTIC: [8] Use of undefined constant id - assumed 'id' D:\WWW\lunhui\Application\Home\Controller\BaseController.class.php 第 63 行.
NOTIC: [8] Use of undefined constant id - assumed 'id' D:\WWW\lunhui\Application\Home\Controller\BaseController.class.php 第 63 行.
NOTIC: [8] Use of undefined constant id - assumed 'id' D:\WWW\lunhui\Application\Home\Controller\BaseController.class.php 第 63 行.
NOTIC: [8] Use of undefined constant id - assumed 'id' D:\WWW\lunhui\Application\Home\Controller\BaseController.class.php 第 63 行.
NOTIC: [8] Use of undefined constant id - assumed 'id' D:\WWW\lunhui\Application\Home\Controller\BaseController.class.php 第 63 行.
NOTIC: [8] Use of undefined constant id - assumed 'id' D:\WWW\lunhui\Application\Home\Controller\BaseController.class.php 第 63 行.
NOTIC: [8] Use of undefined constant id - assumed 'id' D:\WWW\lunhui\Application\Home\Controller\BaseController.class.php 第 63 行.
NOTIC: [8] Use of undefined constant id - assumed 'id' D:\WWW\lunhui\Application\Home\Controller\BaseController.class.php 第 63 行.
NOTIC: [8] Use of undefined constant id - assumed 'id' D:\WWW\lunhui\Application\Home\Controller\BaseController.class.php 第 63 行.
NOTIC: [8] Use of undefined constant id - assumed 'id' D:\WWW\lunhui\Application\Home\Controller\BaseController.class.php 第 63 行.
NOTIC: [8] Use of undefined constant id - assumed 'id' D:\WWW\lunhui\Application\Home\Controller\BaseController.class.php 第 63 行.
NOTIC: [8] Use of undefined constant id - assumed 'id' D:\WWW\lunhui\Application\Home\Controller\BaseController.class.php 第 63 行.
NOTIC: [8] Use of undefined constant id - assumed 'id' D:\WWW\lunhui\Application\Home\Controller\BaseController.class.php 第 63 行.
NOTIC: [8] Use of undefined constant id - assumed 'id' D:\WWW\lunhui\Application\Home\Controller\BaseController.class.php 第 63 行.
NOTIC: [8] Use of undefined constant id - assumed 'id' D:\WWW\lunhui\Application\Home\Controller\BaseController.class.php 第 63 行.
SQL: SHOW COLUMNS FROM `web_carousel_list` [ RunTime:0.0038s ]
SQL: SELECT * FROM `web_carousel_list` WHERE ( img != '' and state > 0 ) ORDER BY orderby  [ RunTime:0.0004s ]
SQL: SHOW COLUMNS FROM `web_article_cate` [ RunTime:0.0024s ]
SQL: SELECT * FROM `web_article_cate`  [ RunTime:0.0002s ]
SQL: SHOW COLUMNS FROM `web_link` [ RunTime:0.0021s ]
SQL: SELECT * FROM `web_link` WHERE ( state = 1 ) ORDER BY orderby  [ RunTime:0.0002s ]
SQL: SHOW COLUMNS FROM `web_liuyan` [ RunTime:0.0020s ]
SQL: SELECT * FROM `web_liuyan` ORDER BY add_time desc LIMIT 4   [ RunTime:0.0002s ]
SQL: SELECT `a_id` FROM `web_article` WHERE ( a_views > 0 )  [ RunTime:0.0003s ]
SQL: SELECT * FROM `web_article` WHERE `a_id` = 4 LIMIT 1   [ RunTime:0.0002s ]
SQL: SELECT * FROM `web_article` WHERE `a_id` = 11 LIMIT 1   [ RunTime:0.0002s ]
SQL: SELECT * FROM `web_article` WHERE `a_id` = 44 LIMIT 1   [ RunTime:0.0001s ]
SQL: SELECT `a_id`,`photo`,`a_title`,`a_remark`,`a_keyword`,`cate_id`,`create_time`,`last_time`,`a_content`,`a_views`,`a_type`,`a_red`,`a_from`,`a_writer`,`create_ip` FROM `web_article` WHERE ( a_views > 0 ) ORDER BY a_views desc LIMIT 12   [ RunTime:0.0316s ]
ERR: 非法操作:Admin

