[ 2016-02-01T23:59:27+08:00 ] ::1 /Admin/Index/del.html
INFO: [ app_init ] --START--
INFO: Run Behavior\BuildLiteBehavior [ RunTime:0.000037s ]
INFO: [ app_init ] --END-- [ RunTime:0.000665s ]
INFO: [ app_begin ] --START--
INFO: Run Behavior\ReadHtmlCacheBehavior [ RunTime:0.000859s ]
INFO: [ app_begin ] --END-- [ RunTime:0.000964s ]
NOTIC: [8192] Function eregi() is deprecated D:\xampp\htdocs\lunhui\Application\Common\Common\function.php 第 63 行.
NOTIC: [8192] Function eregi() is deprecated D:\xampp\htdocs\lunhui\Application\Common\Common\function.php 第 65 行.
NOTIC: [8192] Function eregi() is deprecated D:\xampp\htdocs\lunhui\Application\Common\Common\function.php 第 67 行.
NOTIC: [8192] Function ereg() is deprecated D:\xampp\htdocs\lunhui\Application\Common\Common\function.php 第 67 行.
NOTIC: [8192] Function eregi() is deprecated D:\xampp\htdocs\lunhui\Application\Common\Common\function.php 第 69 行.
NOTIC: [8192] Function eregi() is deprecated D:\xampp\htdocs\lunhui\Application\Common\Common\function.php 第 69 行.
NOTIC: [8192] Function eregi() is deprecated D:\xampp\htdocs\lunhui\Application\Common\Common\function.php 第 71 行.
NOTIC: [8192] Function eregi() is deprecated D:\xampp\htdocs\lunhui\Application\Common\Common\function.php 第 71 行.
NOTIC: [8192] Function eregi() is deprecated D:\xampp\htdocs\lunhui\Application\Common\Common\function.php 第 73 行.
NOTIC: [8192] Function eregi() is deprecated D:\xampp\htdocs\lunhui\Application\Common\Common\function.php 第 73 行.
NOTIC: [8192] Function eregi() is deprecated D:\xampp\htdocs\lunhui\Application\Common\Common\function.php 第 75 行.
NOTIC: [8192] Function eregi() is deprecated D:\xampp\htdocs\lunhui\Application\Common\Common\function.php 第 75 行.
NOTIC: [8192] Function eregi() is deprecated D:\xampp\htdocs\lunhui\Application\Common\Common\function.php 第 77 行.
NOTIC: [8192] Function eregi() is deprecated D:\xampp\htdocs\lunhui\Application\Common\Common\function.php 第 77 行.
NOTIC: [8192] Function eregi() is deprecated D:\xampp\htdocs\lunhui\Application\Common\Common\function.php 第 79 行.
NOTIC: [8192] Function eregi() is deprecated D:\xampp\htdocs\lunhui\Application\Common\Common\function.php 第 79 行.
SQL: SHOW COLUMNS FROM `web_role` [ RunTime:0.0039s ]
SQL: SELECT * FROM `web_role`  [ RunTime:0.0004s ]
NOTIC: [8] Undefined index: menu_list D:\xampp\htdocs\lunhui\Application\Admin\Controller\BaseController.class.php 第 55 行.
NOTIC: [2] Invalid argument supplied for foreach() D:\xampp\htdocs\lunhui\Application\Admin\Controller\BaseController.class.php 第 55 行.
SQL: SHOW COLUMNS FROM `web_treenode` [ RunTime:0.0024s ]
SQL: SELECT * FROM `web_treenode` WHERE `menuflag` = 1  [ RunTime:0.0004s ]
INFO: [ view_parse ] --START--
INFO: [ template_filter ] --START--
INFO: Run Behavior\ContentReplaceBehavior [ RunTime:0.000037s ]
INFO: [ template_filter ] --END-- [ RunTime:0.000081s ]
INFO: Run Behavior\ParseTemplateBehavior [ RunTime:0.019125s ]
INFO: [ view_parse ] --END-- [ RunTime:0.019209s ]
INFO: [ view_filter ] --START--
INFO: Run Behavior\WriteHtmlCacheBehavior [ RunTime:0.000368s ]
INFO: [ view_filter ] --END-- [ RunTime:0.000418s ]
INFO: [ app_end ] --START--
INFO: Run Behavior\ShowPageTraceBehavior [ RunTime:0.000489s ]
INFO: [ app_end ] --END-- [ RunTime:0.000522s ]

[ 2016-02-01T23:59:29+08:00 ] ::1 /Admin/index/index.html
INFO: [ app_init ] --START--
INFO: Run Behavior\BuildLiteBehavior [ RunTime:0.000019s ]
INFO: [ app_init ] --END-- [ RunTime:0.000482s ]
INFO: [ app_begin ] --START--
INFO: Run Behavior\ReadHtmlCacheBehavior [ RunTime:0.000729s ]
INFO: [ app_begin ] --END-- [ RunTime:0.000792s ]
NOTIC: [8192] Function eregi() is deprecated D:\xampp\htdocs\lunhui\Application\Common\Common\function.php 第 63 行.
NOTIC: [8192] Function eregi() is deprecated D:\xampp\htdocs\lunhui\Application\Common\Common\function.php 第 65 行.
NOTIC: [8192] Function eregi() is deprecated D:\xampp\htdocs\lunhui\Application\Common\Common\function.php 第 67 行.
NOTIC: [8192] Function ereg() is deprecated D:\xampp\htdocs\lunhui\Application\Common\Common\function.php 第 67 行.
NOTIC: [8192] Function eregi() is deprecated D:\xampp\htdocs\lunhui\Application\Common\Common\function.php 第 69 行.
NOTIC: [8192] Function eregi() is deprecated D:\xampp\htdocs\lunhui\Application\Common\Common\function.php 第 69 行.
NOTIC: [8192] Function eregi() is deprecated D:\xampp\htdocs\lunhui\Application\Common\Common\function.php 第 71 行.
NOTIC: [8192] Function eregi() is deprecated D:\xampp\htdocs\lunhui\Application\Common\Common\function.php 第 71 行.
NOTIC: [8192] Function eregi() is deprecated D:\xampp\htdocs\lunhui\Application\Common\Common\function.php 第 73 行.
NOTIC: [8192] Function eregi() is deprecated D:\xampp\htdocs\lunhui\Application\Common\Common\function.php 第 73 行.
NOTIC: [8192] Function eregi() is deprecated D:\xampp\htdocs\lunhui\Application\Common\Common\function.php 第 75 行.
NOTIC: [8192] Function eregi() is deprecated D:\xampp\htdocs\lunhui\Application\Common\Common\function.php 第 75 行.
NOTIC: [8192] Function eregi() is deprecated D:\xampp\htdocs\lunhui\Application\Common\Common\function.php 第 77 行.
NOTIC: [8192] Function eregi() is deprecated D:\xampp\htdocs\lunhui\Application\Common\Common\function.php 第 77 行.
NOTIC: [8192] Function eregi() is deprecated D:\xampp\htdocs\lunhui\Application\Common\Common\function.php 第 79 行.
NOTIC: [8192] Function eregi() is deprecated D:\xampp\htdocs\lunhui\Application\Common\Common\function.php 第 79 行.
SQL: SHOW COLUMNS FROM `web_role` [ RunTime:0.0031s ]
SQL: SELECT * FROM `web_role`  [ RunTime:0.0002s ]
NOTIC: [8] Undefined index: menu_list D:\xampp\htdocs\lunhui\Application\Admin\Controller\BaseController.class.php 第 55 行.
NOTIC: [2] Invalid argument supplied for foreach() D:\xampp\htdocs\lunhui\Application\Admin\Controller\BaseController.class.php 第 55 行.
SQL: SHOW COLUMNS FROM `web_treenode` [ RunTime:0.0029s ]
SQL: SELECT * FROM `web_treenode` WHERE `menuflag` = 1  [ RunTime:0.0005s ]
INFO: [ view_parse ] --START--
INFO: [ template_filter ] --START--
INFO: Run Behavior\ContentReplaceBehavior [ RunTime:0.000143s ]
INFO: [ template_filter ] --END-- [ RunTime:0.000197s ]
INFO: Run Behavior\ParseTemplateBehavior [ RunTime:0.012781s ]
INFO: [ view_parse ] --END-- [ RunTime:0.012823s ]
INFO: [ view_filter ] --START--
INFO: Run Behavior\WriteHtmlCacheBehavior [ RunTime:0.000195s ]
INFO: [ view_filter ] --END-- [ RunTime:0.000223s ]
INFO: [ app_end ] --START--
INFO: Run Behavior\ShowPageTraceBehavior [ RunTime:0.000425s ]
INFO: [ app_end ] --END-- [ RunTime:0.000464s ]

